This is pdfTeX, Version 3.14159265-2.6-1.40.17 (TeX Live 2016) (preloaded format=pdflatex 2016.11.26)  6 APR 2017 20:46
entering extended mode
 restricted \write18 enabled.
 %&-line parsing enabled.
**journal-draft/bare_jrnl_comsoc.tex
(./journal-draft/bare_jrnl_comsoc.tex
LaTeX2e <2016/03/31> patch level 3
Babel <3.9r> and hyphenation patterns for 83 language(s) loaded.
(/usr/local/texlive/2016/texmf-dist/tex/latex/IEEEtran/IEEEtran.cls
Document Class: IEEEtran 2015/08/26 V1.8b by Michael Shell
-- See the "IEEEtran_HOWTO" manual for usage information.
-- http://www.michaelshell.org/tex/ieeetran/
\@IEEEtrantmpdimenA=\dimen102
\@IEEEtrantmpdimenB=\dimen103
\@IEEEtrantmpdimenC=\dimen104
\@IEEEtrantmpcountA=\count79
\@IEEEtrantmpcountB=\count80
\@IEEEtrantmpcountC=\count81
\@IEEEtrantmptoksA=\toks14
LaTeX Font Info:    Try loading font information for OT1+ppl on input line 503.

(/usr/local/texlive/2016/texmf-dist/tex/latex/psnfss/ot1ppl.fd
File: ot1ppl.fd 2001/06/04 font definitions for OT1/ppl.
)
-- Using IEEE Computer Society mode.
-- Using 8.5in x 11in (letter) paper.
-- Using PDF output.
\@IEEEnormalsizeunitybaselineskip=\dimen105
-- This is a 10 point document.
\CLASSINFOnormalsizebaselineskip=\dimen106
\CLASSINFOnormalsizeunitybaselineskip=\dimen107
\IEEEnormaljot=\dimen108
LaTeX Font Info:    Font shape `OT1/ppl/bx/n' in size <5.01874> not available
(Font)              Font shape `OT1/ppl/b/n' tried instead on input line 1090.
LaTeX Font Info:    Font shape `OT1/ppl/bx/it' in size <5.01874> not available
(Font)              Font shape `OT1/ppl/b/it' tried instead on input line 1090.

LaTeX Font Info:    Font shape `OT1/ppl/bx/n' in size <7.02625> not available
(Font)              Font shape `OT1/ppl/b/n' tried instead on input line 1090.
LaTeX Font Info:    Font shape `OT1/ppl/bx/it' in size <7.02625> not available
(Font)              Font shape `OT1/ppl/b/it' tried instead on input line 1090.

LaTeX Font Info:    Font shape `OT1/ppl/bx/n' in size <8.03> not available
(Font)              Font shape `OT1/ppl/b/n' tried instead on input line 1090.
LaTeX Font Info:    Font shape `OT1/ppl/bx/it' in size <8.03> not available
(Font)              Font shape `OT1/ppl/b/it' tried instead on input line 1090.

LaTeX Font Info:    Font shape `OT1/ppl/bx/n' in size <9.03374> not available
(Font)              Font shape `OT1/ppl/b/n' tried instead on input line 1090.
LaTeX Font Info:    Font shape `OT1/ppl/bx/it' in size <9.03374> not available
(Font)              Font shape `OT1/ppl/b/it' tried instead on input line 1090.

LaTeX Font Info:    Font shape `OT1/ppl/bx/n' in size <9.53561> not available
(Font)              Font shape `OT1/ppl/b/n' tried instead on input line 1090.
LaTeX Font Info:    Font shape `OT1/ppl/bx/it' in size <9.53561> not available
(Font)              Font shape `OT1/ppl/b/it' tried instead on input line 1090.

LaTeX Font Info:    Font shape `OT1/ppl/bx/n' in size <11.04124> not available
(Font)              Font shape `OT1/ppl/b/n' tried instead on input line 1090.
LaTeX Font Info:    Font shape `OT1/ppl/bx/it' in size <11.04124> not available

(Font)              Font shape `OT1/ppl/b/it' tried instead on input line 1090.

LaTeX Font Info:    Font shape `OT1/ppl/bx/n' in size <12.045> not available
(Font)              Font shape `OT1/ppl/b/n' tried instead on input line 1090.
LaTeX Font Info:    Font shape `OT1/ppl/bx/it' in size <12.045> not available
(Font)              Font shape `OT1/ppl/b/it' tried instead on input line 1090.

LaTeX Font Info:    Font shape `OT1/ppl/bx/n' in size <17.06374> not available
(Font)              Font shape `OT1/ppl/b/n' tried instead on input line 1090.
LaTeX Font Info:    Font shape `OT1/ppl/bx/it' in size <17.06374> not available

(Font)              Font shape `OT1/ppl/b/it' tried instead on input line 1090.

LaTeX Font Info:    Font shape `OT1/ppl/bx/n' in size <20.075> not available
(Font)              Font shape `OT1/ppl/b/n' tried instead on input line 1090.
LaTeX Font Info:    Font shape `OT1/ppl/bx/it' in size <20.075> not available
(Font)              Font shape `OT1/ppl/b/it' tried instead on input line 1090.

LaTeX Font Info:    Font shape `OT1/ppl/bx/n' in size <24.09> not available
(Font)              Font shape `OT1/ppl/b/n' tried instead on input line 1090.
LaTeX Font Info:    Font shape `OT1/ppl/bx/it' in size <24.09> not available
(Font)              Font shape `OT1/ppl/b/it' tried instead on input line 1090.

\IEEEquantizedlength=\dimen109
\IEEEquantizedlengthdiff=\dimen110
\IEEEquantizedtextheightdiff=\dimen111
\IEEEilabelindentA=\dimen112
\IEEEilabelindentB=\dimen113
\IEEEilabelindent=\dimen114
\IEEEelabelindent=\dimen115
\IEEEdlabelindent=\dimen116
\IEEElabelindent=\dimen117
\IEEEiednormlabelsep=\dimen118
\IEEEiedmathlabelsep=\dimen119
\IEEEiedtopsep=\skip41
\c@section=\count82
\c@subsection=\count83
\c@subsubsection=\count84
\c@paragraph=\count85
\c@IEEEsubequation=\count86
\abovecaptionskip=\skip42
\belowcaptionskip=\skip43
\c@figure=\count87
\c@table=\count88
\@IEEEeqnnumcols=\count89
\@IEEEeqncolcnt=\count90
\@IEEEsubeqnnumrollback=\count91
\@IEEEquantizeheightA=\dimen120
\@IEEEquantizeheightB=\dimen121
\@IEEEquantizeheightC=\dimen122
\@IEEEquantizeprevdepth=\dimen123
\@IEEEquantizemultiple=\count92
\@IEEEquantizeboxA=\box26
\@IEEEtmpitemindent=\dimen124
\IEEEPARstartletwidth=\dimen125
\c@IEEEbiography=\count93
\@IEEEtranrubishbin=\box27
) (/usr/local/texlive/2016/texmf-dist/tex/latex/cite/cite.sty
LaTeX Info: Redefining \cite on input line 302.
LaTeX Info: Redefining \nocite on input line 332.
Package: cite 2015/02/27  v 5.5
LaTeX Info: Redefining \cite on input line 441.
)
(/usr/local/texlive/2016/texmf-dist/tex/latex/amsmath/amsmath.sty
Package: amsmath 2016/06/28 v2.15d AMS math features
\@mathmargin=\skip44

For additional information on amsmath, use the `?' option.
(/usr/local/texlive/2016/texmf-dist/tex/latex/amsmath/amstext.sty
Package: amstext 2000/06/29 v2.01 AMS text

(/usr/local/texlive/2016/texmf-dist/tex/latex/amsmath/amsgen.sty
File: amsgen.sty 1999/11/30 v2.0 generic functions
\@emptytoks=\toks15
\ex@=\dimen126
))
(/usr/local/texlive/2016/texmf-dist/tex/latex/amsmath/amsbsy.sty
Package: amsbsy 1999/11/29 v1.2d Bold Symbols
\pmbraise@=\dimen127
)
(/usr/local/texlive/2016/texmf-dist/tex/latex/amsmath/amsopn.sty
Package: amsopn 2016/03/08 v2.02 operator names
)
\inf@bad=\count94
LaTeX Info: Redefining \frac on input line 199.
\uproot@=\count95
\leftroot@=\count96
LaTeX Info: Redefining \overline on input line 297.
\classnum@=\count97
\DOTSCASE@=\count98
LaTeX Info: Redefining \ldots on input line 394.
LaTeX Info: Redefining \dots on input line 397.
LaTeX Info: Redefining \cdots on input line 518.
\Mathstrutbox@=\box28
\strutbox@=\box29
\big@size=\dimen128
LaTeX Font Info:    Redeclaring font encoding OML on input line 634.
LaTeX Font Info:    Redeclaring font encoding OMS on input line 635.
\macc@depth=\count99
\c@MaxMatrixCols=\count100
\dotsspace@=\muskip10
\c@parentequation=\count101
\dspbrk@lvl=\count102
\tag@help=\toks16
\row@=\count103
\column@=\count104
\maxfields@=\count105
\andhelp@=\toks17
\eqnshift@=\dimen129
\alignsep@=\dimen130
\tagshift@=\dimen131
\tagwidth@=\dimen132
\totwidth@=\dimen133
\lineht@=\dimen134
\@envbody=\toks18
\multlinegap=\skip45
\multlinetaggap=\skip46
\mathdisplay@stack=\toks19
LaTeX Info: Redefining \[ on input line 2739.
LaTeX Info: Redefining \] on input line 2740.
)
(/usr/local/texlive/2016/texmf-dist/tex/latex/amscls/amsthm.sty
Package: amsthm 2015/03/04 v2.20.2
\thm@style=\toks20
\thm@bodyfont=\toks21
\thm@headfont=\toks22
\thm@notefont=\toks23
\thm@headpunct=\toks24
\thm@preskip=\skip47
\thm@postskip=\skip48
\thm@headsep=\skip49
\dth@everypar=\toks25
)
(/usr/local/texlive/2016/texmf-dist/tex/latex/amsfonts/amssymb.sty
Package: amssymb 2013/01/14 v3.01 AMS font symbols

(/usr/local/texlive/2016/texmf-dist/tex/latex/amsfonts/amsfonts.sty
Package: amsfonts 2013/01/14 v3.01 Basic AMSFonts support
\symAMSa=\mathgroup4
\symAMSb=\mathgroup5
LaTeX Font Info:    Overwriting math alphabet `\mathfrak' in version `bold'
(Font)                  U/euf/m/n --> U/euf/b/n on input line 106.
))
(/usr/local/texlive/2016/texmf-dist/tex/latex/booktabs/booktabs.sty
Package: booktabs 2016/04/27 v1.618033 publication quality tables
\heavyrulewidth=\dimen135
\lightrulewidth=\dimen136
\cmidrulewidth=\dimen137
\belowrulesep=\dimen138
\belowbottomsep=\dimen139
\aboverulesep=\dimen140
\abovetopsep=\dimen141
\cmidrulesep=\dimen142
\cmidrulekern=\dimen143
\defaultaddspace=\dimen144
\@cmidla=\count106
\@cmidlb=\count107
\@aboverulesep=\dimen145
\@belowrulesep=\dimen146
\@thisruleclass=\count108
\@lastruleclass=\count109
\@thisrulewidth=\dimen147
)
(/usr/local/texlive/2016/texmf-dist/tex/latex/graphics/graphicx.sty
Package: graphicx 2014/10/28 v1.0g Enhanced LaTeX Graphics (DPC,SPQR)

(/usr/local/texlive/2016/texmf-dist/tex/latex/graphics/keyval.sty
Package: keyval 2014/10/28 v1.15 key=value parser (DPC)
\KV@toks@=\toks26
)
(/usr/local/texlive/2016/texmf-dist/tex/latex/graphics/graphics.sty
Package: graphics 2016/07/10 v1.0t Standard LaTeX Graphics (DPC,SPQR)

(/usr/local/texlive/2016/texmf-dist/tex/latex/graphics/trig.sty
Package: trig 2016/01/03 v1.10 sin cos tan (DPC)
)
(/usr/local/texlive/2016/texmf-dist/tex/latex/graphics-cfg/graphics.cfg
File: graphics.cfg 2016/06/04 v1.11 sample graphics configuration
)
Package graphics Info: Driver file: pdftex.def on input line 99.

(/usr/local/texlive/2016/texmf-dist/tex/latex/graphics-def/pdftex.def
File: pdftex.def 2016/07/10 v0.06j Graphics/color for pdfTeX

(/usr/local/texlive/2016/texmf-dist/tex/generic/oberdiek/infwarerr.sty
Package: infwarerr 2016/05/16 v1.4 Providing info/warning/error messages (HO)
)
(/usr/local/texlive/2016/texmf-dist/tex/generic/oberdiek/ltxcmds.sty
Package: ltxcmds 2016/05/16 v1.23 LaTeX kernel commands for general use (HO)
)
\Gread@gobject=\count110
))
\Gin@req@height=\dimen148
\Gin@req@width=\dimen149
)
(/usr/local/texlive/2016/texmf-dist/tex/latex/sidecap/sidecap.sty
Package: sidecap 2003/06/06 v1.6f SideCap Package (RN/HjG)

(/usr/local/texlive/2016/texmf-dist/tex/latex/base/ifthen.sty
Package: ifthen 2014/09/29 v1.1c Standard LaTeX ifthen package (DPC)
)
\SC@BOXWD=\dimen150
\SC@CAPWD=\dimen151
\SC@tempdima=\dimen152
\SC@tempdimb=\dimen153
\c@SC@C=\count111
\SC@BOX=\box30
)
(/usr/local/texlive/2016/texmf-dist/tex/latex/kantlipsum/kantlipsum.sty
(/usr/local/texlive/2016/texmf-dist/tex/latex/l3kernel/expl3.sty
Package: expl3 2016/11/21 v6760 L3 programming layer (loader) 

(/usr/local/texlive/2016/texmf-dist/tex/latex/l3kernel/expl3-code.tex
Package: expl3 2016/11/21 v6760 L3 programming layer (code)
L3 Module: l3bootstrap 2016/06/13 v6596 L3 Bootstrap code
L3 Module: l3names 2016/10/13 v6722 L3 Namespace for primitives
L3 Module: l3basics 2016/09/01 v6696 L3 Basic definitions
L3 Module: l3expan 2016/08/19 v6684 L3 Argument expansion
L3 Module: l3tl 2016/08/19 v6692 L3 Token lists
L3 Module: l3str 2016/08/19 v6692 L3 Strings
L3 Module: l3seq 2016/08/19 v6685 L3 Sequences and stacks
L3 Module: l3int 2016/09/07 v6700 L3 Integers
\c_max_int=\count112
\l_tmpa_int=\count113
\l_tmpb_int=\count114
\g_tmpa_int=\count115
\g_tmpb_int=\count116
L3 Module: l3quark 2016/08/19 v6685 L3 Quarks
L3 Module: l3prg 2016/08/18 v6679 L3 Control structures
\g__prg_map_int=\count117
L3 Module: l3clist 2016/08/19 v6685 L3 Comma separated lists
L3 Module: l3token 2016/09/01 v6695 L3 Experimental token manipulation
L3 Module: l3prop 2016/08/19 v6685 L3 Property lists
L3 Module: l3msg 2016/08/19 v6691 L3 Messages
L3 Module: l3file 2016/08/19 v6685 L3 File and I/O operations
\l_iow_line_count_int=\count118
\l__iow_target_count_int=\count119
\l__iow_current_line_int=\count120
\l__iow_current_word_int=\count121
\l__iow_current_indentation_int=\count122
L3 Module: l3skip 2016/08/19 v6692 L3 Dimensions and skips
\c_zero_dim=\dimen154
\c_max_dim=\dimen155
\l_tmpa_dim=\dimen156
\l_tmpb_dim=\dimen157
\g_tmpa_dim=\dimen158
\g_tmpb_dim=\dimen159
\c_zero_skip=\skip50
\c_max_skip=\skip51
\l_tmpa_skip=\skip52
\l_tmpb_skip=\skip53
\g_tmpa_skip=\skip54
\g_tmpb_skip=\skip55
\c_zero_muskip=\muskip11
\c_max_muskip=\muskip12
\l_tmpa_muskip=\muskip13
\l_tmpb_muskip=\muskip14
\g_tmpa_muskip=\muskip15
\g_tmpb_muskip=\muskip16
L3 Module: l3keys 2016/09/21 v6711 L3 Key-value interfaces
\l_keys_choice_int=\count123
L3 Module: l3fp 2016/11/21 v6761 L3 Floating points
\c__fp_leading_shift_int=\count124
\c__fp_middle_shift_int=\count125
\c__fp_trailing_shift_int=\count126
\c__fp_big_leading_shift_int=\count127
\c__fp_big_middle_shift_int=\count128
\c__fp_big_trailing_shift_int=\count129
\c__fp_Bigg_leading_shift_int=\count130
\c__fp_Bigg_middle_shift_int=\count131
\c__fp_Bigg_trailing_shift_int=\count132
L3 Module: l3box 2016/08/19 v6685 L3 Experimental boxes
\c_empty_box=\box31
\l_tmpa_box=\box32
\l_tmpb_box=\box33
\g_tmpa_box=\box34
\g_tmpb_box=\box35
L3 Module: l3coffins 2016/08/19 v6685 L3 Coffin code layer
\l__coffin_internal_box=\box36
\l__coffin_internal_dim=\dimen160
\l__coffin_offset_x_dim=\dimen161
\l__coffin_offset_y_dim=\dimen162
\l__coffin_x_dim=\dimen163
\l__coffin_y_dim=\dimen164
\l__coffin_x_prime_dim=\dimen165
\l__coffin_y_prime_dim=\dimen166
\c_empty_coffin=\box37
\l__coffin_aligned_coffin=\box38
\l__coffin_aligned_internal_coffin=\box39
\l_tmpa_coffin=\box40
\l_tmpb_coffin=\box41
\l__coffin_display_coffin=\box42
\l__coffin_display_coord_coffin=\box43
\l__coffin_display_pole_coffin=\box44
\l__coffin_display_offset_dim=\dimen167
\l__coffin_display_x_dim=\dimen168
\l__coffin_display_y_dim=\dimen169
L3 Module: l3color 2016/06/13 v6596 L3 Experimental color support
L3 Module: l3sys 2015/09/25 v6087 L3 Experimental system/runtime functions
L3 Module: l3candidates 2016/08/19 v6688 L3 Experimental additions to l3kernel
\l__box_top_dim=\dimen170
\l__box_bottom_dim=\dimen171
\l__box_left_dim=\dimen172
\l__box_right_dim=\dimen173
\l__box_top_new_dim=\dimen174
\l__box_bottom_new_dim=\dimen175
\l__box_left_new_dim=\dimen176
\l__box_right_new_dim=\dimen177
\l__box_internal_box=\box45
\l__coffin_bounding_shift_dim=\dimen178
\l__coffin_left_corner_dim=\dimen179
\l__coffin_right_corner_dim=\dimen180
\l__coffin_bottom_corner_dim=\dimen181
\l__coffin_top_corner_dim=\dimen182
\l__coffin_scaled_total_height_dim=\dimen183
\l__coffin_scaled_width_dim=\dimen184
L3 Module: l3luatex 2016/08/18 v6679 L3 Experimental LuaTeX-specific functions
)
(/usr/local/texlive/2016/texmf-dist/tex/latex/l3kernel/l3pdfmode.def
File: l3pdfmode.def 2016/08/18 v6679 L3 Experimental driver: PDF mode
\l__driver_color_stack_int=\count133
\l__driver_tmp_box=\box46
))
Package: kantlipsum 2012/10/14 v0.6 Dummy text in Kantian style

(/usr/local/texlive/2016/texmf-dist/tex/latex/l3packages/xparse/xparse.sty
Package: xparse 2016/11/21 v6760 L3 Experimental document command parser
\l__xparse_current_arg_int=\count134
\l__xparse_m_args_int=\count135
\l__xparse_mandatory_args_int=\count136
\l__xparse_processor_int=\count137
\l__xparse_v_nesting_int=\count138
)
\l_kgl_start_int=\count139
\l_kgl_end_int=\count140
.................................................
. LaTeX info: "xparse/define-command"
. 
. Defining command \kant with sig. 's>{\SplitArgument {1}{-}}O{1-7}' on line
. 86.
.................................................
.................................................
. LaTeX info: "xparse/define-command"
. 
. Defining command \kantdef with sig. 'mm' on line 101.
.................................................
.................................................
. kantlipsum info: "how-many"
. 
. The package provides paragraphs 1 to 164. Values outside this range will be
. ignored.
.................................................
)
(/usr/local/texlive/2016/texmf-dist/tex/latex/mwe/mwe.sty
Package: mwe 2012/05/15 v0.3 Package to support minimal working examples (MWE)

(/usr/local/texlive/2016/texmf-dist/tex/latex/lipsum/lipsum.sty
Package: lipsum 2014/07/27 v1.3 150 paragraphs of Lorem Ipsum dummy text
\c@lips@count=\count141
)
(/usr/local/texlive/2016/texmf-dist/tex/latex/blindtext/blindtext.sty
Package: blindtext 2012/01/06 V2.0 blindtext-Package

(/usr/local/texlive/2016/texmf-dist/tex/latex/tools/xspace.sty
Package: xspace 2014/10/28 v1.13 Space after command names (DPC,MH)
)
\c@blindtext=\count142
\c@Blindtext=\count143
\c@blind@countparstart=\count144
\blind@countxx=\count145
\blindtext@numBlindtext=\count146
\blind@countyy=\count147
\c@blindlist=\count148
\c@blindlistlevel=\count149
\c@blindlist@level=\count150
\blind@listitem=\count151
\c@blind@listcount=\count152
\c@blind@levelcount=\count153
\blind@mathformula=\count154
\blind@Mathformula=\count155
\c@blind@randomcount=\count156
\c@blind@randommax=\count157
\c@blind@pangramcount=\count158
\c@blind@pangrammax=\count159
))
(/usr/local/texlive/2016/texmf-dist/tex/latex/multirow/multirow.sty
Package: multirow 2016/10/11 v2.1 Span multiple rows of a table
\multirow@colwidth=\skip56
\multirow@cnta=\count160
\multirow@cntb=\count161
\multirow@dima=\skip57
\bigstrutjot=\dimen185
)
(/usr/local/texlive/2016/texmf-dist/tex/latex/tools/multicol.sty
Package: multicol 2016/04/07 v1.8p multicolumn formatting (FMi)
\c@tracingmulticols=\count162
\mult@box=\box47
\multicol@leftmargin=\dimen186
\c@unbalance=\count163
\c@collectmore=\count164
\doublecol@number=\count165
\multicoltolerance=\count166
\multicolpretolerance=\count167
\full@width=\dimen187
\page@free=\dimen188
\premulticols=\dimen189
\postmulticols=\dimen190
\multicolsep=\skip58
\multicolbaselineskip=\skip59
\partial@page=\box48
\last@line=\box49
\maxbalancingoverflow=\dimen191
\mult@rightbox=\box50
\mult@grightbox=\box51
\mult@gfirstbox=\box52
\mult@firstbox=\box53
\@tempa=\box54
\@tempa=\box55
\@tempa=\box56
\@tempa=\box57
\@tempa=\box58
\@tempa=\box59
\@tempa=\box60
\@tempa=\box61
\@tempa=\box62
\@tempa=\box63
\@tempa=\box64
\@tempa=\box65
\@tempa=\box66
\@tempa=\box67
\@tempa=\box68
\@tempa=\box69
\@tempa=\box70
\c@columnbadness=\count168
\c@finalcolumnbadness=\count169
\last@try=\dimen192
\multicolovershoot=\dimen193
\multicolundershoot=\dimen194
\mult@nat@firstbox=\box71
\colbreak@box=\box72
\mc@col@check@num=\count170
)
\c@todocounter=\count171

(/usr/local/texlive/2016/texmf-dist/tex/latex/setspace/setspace.sty
Package: setspace 2011/12/19 v6.7a set line spacing
)
(/usr/local/texlive/2016/texmf-dist/tex/latex/fancyhdr/fancyhdr.sty
Package: fancyhdr 2016/09/06 3.8 Extensive control of page headers and footers
\fancy@headwidth=\skip60
\f@ncyO@elh=\skip61
\f@ncyO@erh=\skip62
\f@ncyO@olh=\skip63
\f@ncyO@orh=\skip64
\f@ncyO@elf=\skip65
\f@ncyO@erf=\skip66
\f@ncyO@olf=\skip67
\f@ncyO@orf=\skip68
)
(/usr/local/texlive/2016/texmf-dist/tex/latex/graphics/lscape.sty
Package: lscape 2000/10/22 v3.01 Landscape Pages (DPC)
)
(/usr/local/texlive/2016/texmf-dist/tex/latex/graphics/rotating.sty
Package: rotating 2016/05/22 v2.16c rotated objects in LaTeX
\c@r@tfl@t=\count172
\rotFPtop=\skip69
\rotFPbot=\skip70
\rot@float@box=\box73
\rot@mess@toks=\toks27
)
(/usr/local/texlive/2016/texmf-dist/tex/latex/csquotes/csquotes.sty
Package: csquotes 2016/07/14 v5.1h context-sensitive quotations (JAW)

(/usr/local/texlive/2016/texmf-dist/tex/latex/etoolbox/etoolbox.sty
Package: etoolbox 2015/08/02 v2.2a e-TeX tools for LaTeX (JAW)
\etb@tempcnta=\count173
)
\csq@reset=\count174
\csq@gtype=\count175
\csq@glevel=\count176
\csq@qlevel=\count177
\csq@maxlvl=\count178
\csq@tshold=\count179
\csq@ltx@everypar=\toks28

(/usr/local/texlive/2016/texmf-dist/tex/latex/csquotes/csquotes.def
File: csquotes.def 2016/07/14 v5.1h csquotes generic definitions (JAW)
)
Package csquotes Info: Trying to load configuration file 'csquotes.cfg'...
Package csquotes Info: ... configuration file loaded successfully.

(/usr/local/texlive/2016/texmf-dist/tex/latex/csquotes/csquotes.cfg
File: csquotes.cfg 
)
Package csquotes Info: Enabling multilingual quotes.
)
(/usr/local/texlive/2016/texmf-dist/tex/latex/tools/bm.sty
Package: bm 2016/07/07 v1.2b Bold Symbol Support (DPC/FMi)
\symboldoperators=\mathgroup6
\symboldletters=\mathgroup7
\symboldsymbols=\mathgroup8
LaTeX Font Info:    Redeclaring math alphabet \mathbf on input line 142.
LaTeX Info: Redefining \bm on input line 208.
)
(/usr/local/texlive/2016/texmf-dist/tex/latex/tools/array.sty
Package: array 2014/10/28 v2.4c Tabular extension package (FMi)
\col@sep=\dimen195
\extrarowheight=\dimen196
\NC@list=\toks29
\extratabsurround=\skip71
\backup@length=\skip72
)
(/usr/local/texlive/2016/texmf-dist/tex/latex/tools/tabularx.sty
Package: tabularx 2016/02/03 v2.11 `tabularx' package (DPC)
\TX@col@width=\dimen197
\TX@old@table=\dimen198
\TX@old@col=\dimen199
\TX@target=\dimen256
\TX@delta=\dimen257
\TX@cols=\count180
\TX@ftn=\toks30
)
(/usr/local/texlive/2016/texmf-dist/tex/latex/colortbl/colortbl.sty
Package: colortbl 2012/02/13 v1.0a Color table columns (DPC)

(/usr/local/texlive/2016/texmf-dist/tex/latex/graphics/color.sty
Package: color 2016/07/10 v1.1e Standard LaTeX Color (DPC)

(/usr/local/texlive/2016/texmf-dist/tex/latex/graphics-cfg/color.cfg
File: color.cfg 2016/01/02 v1.6 sample color configuration
)
Package color Info: Driver file: pdftex.def on input line 147.
)
\everycr=\toks31
\minrowclearance=\skip73
)
(/usr/local/texlive/2016/texmf-dist/tex/latex/tools/hhline.sty
Package: hhline 2014/10/28 v2.03 Table rule package (DPC)
)
(/usr/local/texlive/2016/texmf-dist/tex/latex/float/float.sty
Package: float 2001/11/08 v1.3d Float enhancements (AL)
\c@float@type=\count181
\float@exts=\toks32
\float@box=\box74
\@float@everytoks=\toks33
\@floatcapt=\box75
)
(/usr/local/texlive/2016/texmf-dist/tex/latex/caption/caption.sty
Package: caption 2016/02/21 v3.3-144 Customizing captions (AR)

(/usr/local/texlive/2016/texmf-dist/tex/latex/caption/caption3.sty
Package: caption3 2016/05/22 v1.7-166 caption3 kernel (AR)
Package caption3 Info: TeX engine: e-TeX on input line 67.
\captionmargin=\dimen258
\captionmargin@=\dimen259
\captionwidth=\dimen260
\caption@tempdima=\dimen261
\caption@indent=\dimen262
\caption@parindent=\dimen263
\caption@hangindent=\dimen264
Package caption Info: Unknown document class (or package),
(caption)             standard defaults will be used.
)

Package caption Warning: Unsupported document class (or package) detected,
(caption)                usage of the caption package is not recommended.
See the caption package documentation for explanation.

Package caption Info: \@makecaption = \long macro:#1#2->\ifx \@captype \@IEEEta
blestring \footnotesize \bgroup \par \centering \@IEEEtabletopskipstrut {\norma
lfont \sffamily \footnotesize #1}\\{\normalfont \sffamily \footnotesize #2}\par
 \addvspace {0.5\baselineskip }\egroup \@IEEEtablecaptionsepspace \else \@IEEEf
igurecaptionsepspace \setbox \@tempboxa \hbox {\normalfont \sffamily \footnotes
ize {#1.}\nobreakspace #2}\ifdim \wd \@tempboxa >\hsize \setbox \@tempboxa \hbo
x {\normalfont \sffamily \footnotesize {#1.}\nobreakspace }\parbox [t]{\hsize }
{\normalfont \sffamily \footnotesize \noindent \unhbox \@tempboxa #2}\else \hbo
x to\hsize {\normalfont \sffamily \footnotesize \box \@tempboxa \hfil }\fi \fi 
.
\c@ContinuedFloat=\count182
Package caption Info: float package is loaded.
Package caption Info: rotating package is loaded.
Package caption Info: sidecap package is loaded.
)
\c@theorem=\count183
\c@corollary=\count184
\c@lemma=\count185
\c@mydef=\count186
 (/usr/local/texlive/2016/texmf-dist/tex/latex/algorithm2e/algorithm2e.sty
Package: algorithm2e 2013/01/06 v5.00 algorithms environments
\c@AlgoLine=\count187
\algocf@hangindent=\skip74

(/usr/local/texlive/2016/texmf-dist/tex/latex/relsize/relsize.sty
Package: relsize 2013/03/29 ver 4.1
)
********************************************************
Package `algorithm2e' Release 5.1 -- october 19 2015 --
- algorithm2e-announce@lirmm.fr mailing list for announcement about releases
- algorithm2e-discussion@lirmm.fr mailing list for discussion about package
subscribe by emailing sympa@lirmm.fr with 'subscribe <list> <firstname name>'
- Author: Christophe Fiorio (christophe.fiorio@umontpellier.fr)
********************************************************
\skiptotal=\skip75
\skiplinenumber=\skip76
\skiprule=\skip77
\skiphlne=\skip78
\skiptext=\skip79
\skiplength=\skip80
\algomargin=\skip81
\skipalgocfslide=\skip82
\algowidth=\dimen265
\inoutsize=\dimen266
\inoutindent=\dimen267
\interspacetitleruled=\dimen268
\interspacealgoruled=\dimen269
\interspacetitleboxruled=\dimen270
\algocf@ruledwidth=\skip83
\algocf@inoutbox=\box76
\algocf@inputbox=\box77
\AlCapSkip=\skip84
\AlCapHSkip=\skip85
\algoskipindent=\skip86
\algocf@nlbox=\box78
\algocf@hangingbox=\box79
\algocf@untilbox=\box80
\algocf@skipuntil=\skip87
\algocf@capbox=\box81
\algoheightruledefault=\skip88
\algoheightrule=\skip89
\algotitleheightruledefault=\skip90
\algotitleheightrule=\skip91
\c@algocfline=\count188
\c@algocfproc=\count189
\c@algocf=\count190
\algocf@algoframe=\box82
\algocf@algobox=\box83
) (/usr/local/texlive/2016/texmf-dist/tex/latex/psnfss/times.sty
Package: times 2005/04/12 PSNFSS-v9.2a (SPQR) 
)
(/usr/local/texlive/2016/texmf-dist/tex/latex/mathtools/mathtools.sty
Package: mathtools 2015/11/12 v1.18 mathematical typesetting tools

(/usr/local/texlive/2016/texmf-dist/tex/latex/tools/calc.sty
Package: calc 2014/10/28 v4.3 Infix arithmetic (KKT,FJ)
\calc@Acount=\count191
\calc@Bcount=\count192
\calc@Adimen=\dimen271
\calc@Bdimen=\dimen272
\calc@Askip=\skip92
\calc@Bskip=\skip93
LaTeX Info: Redefining \setlength on input line 80.
LaTeX Info: Redefining \addtolength on input line 81.
\calc@Ccount=\count193
\calc@Cskip=\skip94
)
(/usr/local/texlive/2016/texmf-dist/tex/latex/mathtools/mhsetup.sty
Package: mhsetup 2010/01/21 v1.2a programming setup (MH)
)
LaTeX Info: Thecontrolsequence`\('isalreadyrobust on input line 129.
LaTeX Info: Thecontrolsequence`\)'isalreadyrobust on input line 129.
LaTeX Info: Thecontrolsequence`\['isalreadyrobust on input line 129.
LaTeX Info: Thecontrolsequence`\]'isalreadyrobust on input line 129.
\g_MT_multlinerow_int=\count194
\l_MT_multwidth_dim=\dimen273
\origjot=\skip95
\l_MT_shortvdotswithinadjustabove_dim=\dimen274
\l_MT_shortvdotswithinadjustbelow_dim=\dimen275
\l_MT_above_intertext_sep=\dimen276
\l_MT_below_intertext_sep=\dimen277
\l_MT_above_shortintertext_sep=\dimen278
\l_MT_below_shortintertext_sep=\dimen279
)
(/usr/local/texlive/2016/texmf-dist/tex/latex/fixme/fixme.sty
Package: fixme 2013/01/28 v4.2 Collaborative annotations for LaTeX2e

(/usr/local/texlive/2016/texmf-dist/tex/latex/tools/verbatim.sty
Package: verbatim 2014/10/28 v1.5q LaTeX2e package for verbatim enhancements
\every@verbatim=\toks34
\verbatim@line=\toks35
\verbatim@in@stream=\read1
)
(/usr/local/texlive/2016/texmf-dist/tex/latex/xkeyval/xkeyval.sty
Package: xkeyval 2014/12/03 v2.7a package option processing (HA)

(/usr/local/texlive/2016/texmf-dist/tex/generic/xkeyval/xkeyval.tex
(/usr/local/texlive/2016/texmf-dist/tex/generic/xkeyval/xkvutils.tex
\XKV@toks=\toks36
\XKV@tempa@toks=\toks37
)
\XKV@depth=\count195
File: xkeyval.tex 2014/12/03 v2.7a key=value parser (HA)
))
\c@fixmecount=\count196
\c@fxnotecount=\count197
\c@fxwarningcount=\count198
\c@fxerrorcount=\count199
\c@fxfatalcount=\count266
)
(/usr/local/texlive/2016/texmf-dist/tex/latex/comment/comment.sty
\CommentStream=\write3

Excluding comment 'comment')
(/usr/local/texlive/2016/texmf-dist/tex/latex/todonotes/todonotes.sty
Package: todonotes 2015/07/09 .dtx Todonotes source and documentation.
Package: todonotes 2012/07/25

(/usr/local/texlive/2016/texmf-dist/tex/latex/xcolor/xcolor.sty
Package: xcolor 2016/05/11 v2.12 LaTeX color extensions (UK)

(/usr/local/texlive/2016/texmf-dist/tex/latex/graphics-cfg/color.cfg
File: color.cfg 2016/01/02 v1.6 sample color configuration
)
Package xcolor Info: Driver file: pdftex.def on input line 225.
LaTeX Info: Redefining \color on input line 709.
Package xcolor Info: Model `cmy' substituted by `cmy0' on input line 1348.
Package xcolor Info: Model `hsb' substituted by `rgb' on input line 1352.
Package xcolor Info: Model `RGB' extended on input line 1364.
Package xcolor Info: Model `HTML' substituted by `rgb' on input line 1366.
Package xcolor Info: Model `Hsb' substituted by `hsb' on input line 1367.
Package xcolor Info: Model `tHsb' substituted by `hsb' on input line 1368.
Package xcolor Info: Model `HSB' substituted by `hsb' on input line 1369.
Package xcolor Info: Model `Gray' substituted by `gray' on input line 1370.
Package xcolor Info: Model `wave' substituted by `hsb' on input line 1371.
)
(/usr/local/texlive/2016/texmf-dist/tex/latex/pgf/frontendlayer/tikz.sty
(/usr/local/texlive/2016/texmf-dist/tex/latex/pgf/basiclayer/pgf.sty
(/usr/local/texlive/2016/texmf-dist/tex/latex/pgf/utilities/pgfrcs.sty
(/usr/local/texlive/2016/texmf-dist/tex/generic/pgf/utilities/pgfutil-common.te
x
\pgfutil@everybye=\toks38
\pgfutil@tempdima=\dimen280
\pgfutil@tempdimb=\dimen281

(/usr/local/texlive/2016/texmf-dist/tex/generic/pgf/utilities/pgfutil-common-li
sts.tex))
(/usr/local/texlive/2016/texmf-dist/tex/generic/pgf/utilities/pgfutil-latex.def
\pgfutil@abb=\box84
(/usr/local/texlive/2016/texmf-dist/tex/latex/ms/everyshi.sty
Package: everyshi 2001/05/15 v3.00 EveryShipout Package (MS)
))
(/usr/local/texlive/2016/texmf-dist/tex/generic/pgf/utilities/pgfrcs.code.tex
Package: pgfrcs 2015/08/07 v3.0.1a (rcs-revision 1.31)
))
Package: pgf 2015/08/07 v3.0.1a (rcs-revision 1.15)
(/usr/local/texlive/2016/texmf-dist/tex/latex/pgf/basiclayer/pgfcore.sty
(/usr/local/texlive/2016/texmf-dist/tex/latex/pgf/systemlayer/pgfsys.sty
(/usr/local/texlive/2016/texmf-dist/tex/generic/pgf/systemlayer/pgfsys.code.tex
Package: pgfsys 2014/07/09 v3.0.1a (rcs-revision 1.48)
(/usr/local/texlive/2016/texmf-dist/tex/generic/pgf/utilities/pgfkeys.code.tex
\pgfkeys@pathtoks=\toks39
\pgfkeys@temptoks=\toks40

(/usr/local/texlive/2016/texmf-dist/tex/generic/pgf/utilities/pgfkeysfiltered.c
ode.tex
\pgfkeys@tmptoks=\toks41
))
\pgf@x=\dimen282
\pgf@y=\dimen283
\pgf@xa=\dimen284
\pgf@ya=\dimen285
\pgf@xb=\dimen286
\pgf@yb=\dimen287
\pgf@xc=\dimen288
\pgf@yc=\dimen289
\w@pgf@writea=\write4
\r@pgf@reada=\read2
\c@pgf@counta=\count267
\c@pgf@countb=\count268
\c@pgf@countc=\count269
\c@pgf@countd=\count270
\t@pgf@toka=\toks42
\t@pgf@tokb=\toks43
\t@pgf@tokc=\toks44

(/usr/local/texlive/2016/texmf-dist/tex/generic/pgf/systemlayer/pgf.cfg
File: pgf.cfg 2008/05/14  (rcs-revision 1.7)
)
Driver file for pgf: pgfsys-pdftex.def

(/usr/local/texlive/2016/texmf-dist/tex/generic/pgf/systemlayer/pgfsys-pdftex.d
ef
File: pgfsys-pdftex.def 2014/10/11  (rcs-revision 1.35)

(/usr/local/texlive/2016/texmf-dist/tex/generic/pgf/systemlayer/pgfsys-common-p
df.def
File: pgfsys-common-pdf.def 2013/10/10  (rcs-revision 1.13)
)))
(/usr/local/texlive/2016/texmf-dist/tex/generic/pgf/systemlayer/pgfsyssoftpath.
code.tex
File: pgfsyssoftpath.code.tex 2013/09/09  (rcs-revision 1.9)
\pgfsyssoftpath@smallbuffer@items=\count271
\pgfsyssoftpath@bigbuffer@items=\count272
)
(/usr/local/texlive/2016/texmf-dist/tex/generic/pgf/systemlayer/pgfsysprotocol.
code.tex
File: pgfsysprotocol.code.tex 2006/10/16  (rcs-revision 1.4)
))
(/usr/local/texlive/2016/texmf-dist/tex/generic/pgf/basiclayer/pgfcore.code.tex
Package: pgfcore 2010/04/11 v3.0.1a (rcs-revision 1.7)
(/usr/local/texlive/2016/texmf-dist/tex/generic/pgf/math/pgfmath.code.tex
(/usr/local/texlive/2016/texmf-dist/tex/generic/pgf/math/pgfmathcalc.code.tex
(/usr/local/texlive/2016/texmf-dist/tex/generic/pgf/math/pgfmathutil.code.tex)
(/usr/local/texlive/2016/texmf-dist/tex/generic/pgf/math/pgfmathparser.code.tex
\pgfmath@dimen=\dimen290
\pgfmath@count=\count273
\pgfmath@box=\box85
\pgfmath@toks=\toks45
\pgfmath@stack@operand=\toks46
\pgfmath@stack@operation=\toks47
)
(/usr/local/texlive/2016/texmf-dist/tex/generic/pgf/math/pgfmathfunctions.code.
tex
(/usr/local/texlive/2016/texmf-dist/tex/generic/pgf/math/pgfmathfunctions.basic
.code.tex)
(/usr/local/texlive/2016/texmf-dist/tex/generic/pgf/math/pgfmathfunctions.trigo
nometric.code.tex)
(/usr/local/texlive/2016/texmf-dist/tex/generic/pgf/math/pgfmathfunctions.rando
m.code.tex)
(/usr/local/texlive/2016/texmf-dist/tex/generic/pgf/math/pgfmathfunctions.compa
rison.code.tex)
(/usr/local/texlive/2016/texmf-dist/tex/generic/pgf/math/pgfmathfunctions.base.
code.tex)
(/usr/local/texlive/2016/texmf-dist/tex/generic/pgf/math/pgfmathfunctions.round
.code.tex)
(/usr/local/texlive/2016/texmf-dist/tex/generic/pgf/math/pgfmathfunctions.misc.
code.tex)
(/usr/local/texlive/2016/texmf-dist/tex/generic/pgf/math/pgfmathfunctions.integ
erarithmetics.code.tex)))
(/usr/local/texlive/2016/texmf-dist/tex/generic/pgf/math/pgfmathfloat.code.tex
\c@pgfmathroundto@lastzeros=\count274
))
(/usr/local/texlive/2016/texmf-dist/tex/generic/pgf/basiclayer/pgfcorepoints.co
de.tex
File: pgfcorepoints.code.tex 2013/10/07  (rcs-revision 1.27)
\pgf@picminx=\dimen291
\pgf@picmaxx=\dimen292
\pgf@picminy=\dimen293
\pgf@picmaxy=\dimen294
\pgf@pathminx=\dimen295
\pgf@pathmaxx=\dimen296
\pgf@pathminy=\dimen297
\pgf@pathmaxy=\dimen298
\pgf@xx=\dimen299
\pgf@xy=\dimen300
\pgf@yx=\dimen301
\pgf@yy=\dimen302
\pgf@zx=\dimen303
\pgf@zy=\dimen304
)
(/usr/local/texlive/2016/texmf-dist/tex/generic/pgf/basiclayer/pgfcorepathconst
ruct.code.tex
File: pgfcorepathconstruct.code.tex 2013/10/07  (rcs-revision 1.29)
\pgf@path@lastx=\dimen305
\pgf@path@lasty=\dimen306
)
(/usr/local/texlive/2016/texmf-dist/tex/generic/pgf/basiclayer/pgfcorepathusage
.code.tex
File: pgfcorepathusage.code.tex 2014/11/02  (rcs-revision 1.24)
\pgf@shorten@end@additional=\dimen307
\pgf@shorten@start@additional=\dimen308
)
(/usr/local/texlive/2016/texmf-dist/tex/generic/pgf/basiclayer/pgfcorescopes.co
de.tex
File: pgfcorescopes.code.tex 2015/05/08  (rcs-revision 1.46)
\pgfpic=\box86
\pgf@hbox=\box87
\pgf@layerbox@main=\box88
\pgf@picture@serial@count=\count275
)
(/usr/local/texlive/2016/texmf-dist/tex/generic/pgf/basiclayer/pgfcoregraphicst
ate.code.tex
File: pgfcoregraphicstate.code.tex 2014/11/02  (rcs-revision 1.12)
\pgflinewidth=\dimen309
)
(/usr/local/texlive/2016/texmf-dist/tex/generic/pgf/basiclayer/pgfcoretransform
ations.code.tex
File: pgfcoretransformations.code.tex 2015/08/07  (rcs-revision 1.20)
\pgf@pt@x=\dimen310
\pgf@pt@y=\dimen311
\pgf@pt@temp=\dimen312
)
(/usr/local/texlive/2016/texmf-dist/tex/generic/pgf/basiclayer/pgfcorequick.cod
e.tex
File: pgfcorequick.code.tex 2008/10/09  (rcs-revision 1.3)
)
(/usr/local/texlive/2016/texmf-dist/tex/generic/pgf/basiclayer/pgfcoreobjects.c
ode.tex
File: pgfcoreobjects.code.tex 2006/10/11  (rcs-revision 1.2)
)
(/usr/local/texlive/2016/texmf-dist/tex/generic/pgf/basiclayer/pgfcorepathproce
ssing.code.tex
File: pgfcorepathprocessing.code.tex 2013/09/09  (rcs-revision 1.9)
)
(/usr/local/texlive/2016/texmf-dist/tex/generic/pgf/basiclayer/pgfcorearrows.co
de.tex
File: pgfcorearrows.code.tex 2015/05/14  (rcs-revision 1.43)
\pgfarrowsep=\dimen313
)
(/usr/local/texlive/2016/texmf-dist/tex/generic/pgf/basiclayer/pgfcoreshade.cod
e.tex
File: pgfcoreshade.code.tex 2013/07/15  (rcs-revision 1.15)
\pgf@max=\dimen314
\pgf@sys@shading@range@num=\count276
)
(/usr/local/texlive/2016/texmf-dist/tex/generic/pgf/basiclayer/pgfcoreimage.cod
e.tex
File: pgfcoreimage.code.tex 2013/07/15  (rcs-revision 1.18)

(/usr/local/texlive/2016/texmf-dist/tex/generic/pgf/basiclayer/pgfcoreexternal.
code.tex
File: pgfcoreexternal.code.tex 2014/07/09  (rcs-revision 1.21)
\pgfexternal@startupbox=\box89
))
(/usr/local/texlive/2016/texmf-dist/tex/generic/pgf/basiclayer/pgfcorelayers.co
de.tex
File: pgfcorelayers.code.tex 2013/07/18  (rcs-revision 1.7)
)
(/usr/local/texlive/2016/texmf-dist/tex/generic/pgf/basiclayer/pgfcoretranspare
ncy.code.tex
File: pgfcoretransparency.code.tex 2013/09/30  (rcs-revision 1.5)
)
(/usr/local/texlive/2016/texmf-dist/tex/generic/pgf/basiclayer/pgfcorepatterns.
code.tex
File: pgfcorepatterns.code.tex 2013/11/07  (rcs-revision 1.5)
)))
(/usr/local/texlive/2016/texmf-dist/tex/generic/pgf/modules/pgfmoduleshapes.cod
e.tex
File: pgfmoduleshapes.code.tex 2014/03/21  (rcs-revision 1.35)
\pgfnodeparttextbox=\box90
)
(/usr/local/texlive/2016/texmf-dist/tex/generic/pgf/modules/pgfmoduleplot.code.
tex
File: pgfmoduleplot.code.tex 2015/08/03  (rcs-revision 1.13)
)
(/usr/local/texlive/2016/texmf-dist/tex/latex/pgf/compatibility/pgfcomp-version
-0-65.sty
Package: pgfcomp-version-0-65 2007/07/03 v3.0.1a (rcs-revision 1.7)
\pgf@nodesepstart=\dimen315
\pgf@nodesepend=\dimen316
)
(/usr/local/texlive/2016/texmf-dist/tex/latex/pgf/compatibility/pgfcomp-version
-1-18.sty
Package: pgfcomp-version-1-18 2007/07/23 v3.0.1a (rcs-revision 1.1)
))
(/usr/local/texlive/2016/texmf-dist/tex/latex/pgf/utilities/pgffor.sty
(/usr/local/texlive/2016/texmf-dist/tex/latex/pgf/utilities/pgfkeys.sty
(/usr/local/texlive/2016/texmf-dist/tex/generic/pgf/utilities/pgfkeys.code.tex)
) (/usr/local/texlive/2016/texmf-dist/tex/latex/pgf/math/pgfmath.sty
(/usr/local/texlive/2016/texmf-dist/tex/generic/pgf/math/pgfmath.code.tex))
(/usr/local/texlive/2016/texmf-dist/tex/generic/pgf/utilities/pgffor.code.tex
Package: pgffor 2013/12/13 v3.0.1a (rcs-revision 1.25)

(/usr/local/texlive/2016/texmf-dist/tex/generic/pgf/math/pgfmath.code.tex)
\pgffor@iter=\dimen317
\pgffor@skip=\dimen318
\pgffor@stack=\toks48
\pgffor@toks=\toks49
))
(/usr/local/texlive/2016/texmf-dist/tex/generic/pgf/frontendlayer/tikz/tikz.cod
e.tex
Package: tikz 2015/08/07 v3.0.1a (rcs-revision 1.151)

(/usr/local/texlive/2016/texmf-dist/tex/generic/pgf/libraries/pgflibraryplothan
dlers.code.tex
File: pgflibraryplothandlers.code.tex 2013/08/31 v3.0.1a (rcs-revision 1.20)
\pgf@plot@mark@count=\count277
\pgfplotmarksize=\dimen319
)
\tikz@lastx=\dimen320
\tikz@lasty=\dimen321
\tikz@lastxsaved=\dimen322
\tikz@lastysaved=\dimen323
\tikzleveldistance=\dimen324
\tikzsiblingdistance=\dimen325
\tikz@figbox=\box91
\tikz@figbox@bg=\box92
\tikz@tempbox=\box93
\tikz@tempbox@bg=\box94
\tikztreelevel=\count278
\tikznumberofchildren=\count279
\tikznumberofcurrentchild=\count280
\tikz@fig@count=\count281

(/usr/local/texlive/2016/texmf-dist/tex/generic/pgf/modules/pgfmodulematrix.cod
e.tex
File: pgfmodulematrix.code.tex 2013/09/17  (rcs-revision 1.8)
\pgfmatrixcurrentrow=\count282
\pgfmatrixcurrentcolumn=\count283
\pgf@matrix@numberofcolumns=\count284
)
\tikz@expandcount=\count285

(/usr/local/texlive/2016/texmf-dist/tex/generic/pgf/frontendlayer/tikz/librarie
s/tikzlibrarytopaths.code.tex
File: tikzlibrarytopaths.code.tex 2008/06/17 v3.0.1a (rcs-revision 1.2)
)))
(/usr/local/texlive/2016/texmf-dist/tex/generic/pgf/frontendlayer/tikz/librarie
s/tikzlibrarypositioning.code.tex
File: tikzlibrarypositioning.code.tex 2008/10/06 v3.0.1a (rcs-revision 1.7)
)
\c@@todonotes@numberoftodonotes=\count286
)
(/usr/local/texlive/2016/texmf-dist/tex/latex/subfigure/subfigure.sty
Package: subfigure 2002/03/15 v2.1.5 subfigure package
\subfigtopskip=\skip96
\subfigcapskip=\skip97
\subfigcaptopadj=\dimen326
\subfigbottomskip=\skip98
\subfigcapmargin=\dimen327
\subfiglabelskip=\skip99
\c@subfigure=\count287
\c@lofdepth=\count288
\c@subtable=\count289
\c@lotdepth=\count290

****************************************
* Local config file subfigure.cfg used *
****************************************
(/usr/local/texlive/2016/texmf-dist/tex/latex/subfigure/subfigure.cfg)
\subfig@top=\skip100
\subfig@bottom=\skip101
)
(/usr/local/texlive/2016/texmf-dist/tex/latex/adjustbox/adjustbox.sty
Package: adjustbox 2012/05/21 v1.0 Adjusting TeX boxes (trim, clip, ...)

(/usr/local/texlive/2016/texmf-dist/tex/latex/adjustbox/adjcalc.sty
Package: adjcalc 2012/05/16 v1.1 Provides advanced setlength with multiple back
-ends (calc, etex, pgfmath)
)
(/usr/local/texlive/2016/texmf-dist/tex/latex/adjustbox/trimclip.sty
Package: trimclip 2012/05/16 v1.0 Trim and clip general TeX material

(/usr/local/texlive/2016/texmf-dist/tex/latex/collectbox/collectbox.sty
Package: collectbox 2012/05/17 v0.4b Collect macro arguments as boxes
\collectedbox=\box95
)
\tc@llx=\dimen328
\tc@lly=\dimen329
\tc@urx=\dimen330
\tc@ury=\dimen331
Package trimclip Info: Using driver 'tc-pdftex.def'.

(/usr/local/texlive/2016/texmf-dist/tex/latex/adjustbox/tc-pdftex.def
File: tc-pdftex.def 2012/05/13 v1.0 Clipping driver for pdftex
))
\adjbox@Width=\dimen332
\adjbox@Height=\dimen333
\adjbox@Depth=\dimen334
\adjbox@Totalheight=\dimen335

(/usr/local/texlive/2016/texmf-dist/tex/latex/ifoddpage/ifoddpage.sty
Package: ifoddpage 2016/04/23 v1.1 Conditionals for odd/even page detection
\c@checkoddpage=\count291
)
(/usr/local/texlive/2016/texmf-dist/tex/latex/varwidth/varwidth.sty
Package: varwidth 2009/03/30 ver 0.92;  Variable-width minipages
\@vwid@box=\box96
\sift@deathcycles=\count292
\@vwid@loff=\dimen336
\@vwid@roff=\dimen337
))
(/usr/local/texlive/2016/texmf-dist/tex/latex/enumitem/enumitem.sty
Package: enumitem 2011/09/28 v3.5.2 Customized lists
\labelindent=\skip102
\enit@outerparindent=\dimen338
\enit@toks=\toks50
\enit@inbox=\box97
\enitdp@description=\count293
)
(/usr/local/texlive/2016/texmf-dist/tex/latex/threeparttablex/threeparttablex.s
ty
Package: threeparttablex 2013/07/23 v0.3 by daleif

(/usr/local/texlive/2016/texmf-dist/tex/latex/threeparttable/threeparttable.sty
Package: threeparttable 2003/06/13  v 3.0
\@tempboxb=\box98
) (/usr/local/texlive/2016/texmf-dist/tex/latex/environ/environ.sty
Package: environ 2014/05/04 v0.3 A new way to define environments

(/usr/local/texlive/2016/texmf-dist/tex/latex/trimspaces/trimspaces.sty
Package: trimspaces 2009/09/17 v1.1 Trim spaces around a token list
))
\TPTL@width=\skip103
)
\c@tablenotesi=\count294
\enitdp@tablenotes=\count295

(/usr/local/texlive/2016/texmf-dist/tex/latex/base/fontenc.sty
Package: fontenc 2016/06/19 v1.99m Standard LaTeX package

(/usr/local/texlive/2016/texmf-dist/tex/latex/base/t1enc.def
File: t1enc.def 2016/06/19 v1.99m Standard LaTeX file
LaTeX Font Info:    Redeclaring font encoding T1 on input line 48.
)
LaTeX Font Info:    Try loading font information for T1+ppl on input line 105.

(/usr/local/texlive/2016/texmf-dist/tex/latex/psnfss/t1ppl.fd
File: t1ppl.fd 2001/06/04 font definitions for T1/ppl.
))
(/usr/local/texlive/2016/texmf-dist/tex/latex/txfonts/txfonts.sty
Package: txfonts 2008/01/22 v3.2.1
LaTeX Font Info:    Redeclaring symbol font `operators' on input line 21.
LaTeX Font Info:    Overwriting symbol font `operators' in version `normal'
(Font)                  OT1/cmr/m/n --> OT1/txr/m/n on input line 21.
LaTeX Font Info:    Overwriting symbol font `operators' in version `bold'
(Font)                  OT1/cmr/bx/n --> OT1/txr/m/n on input line 21.
LaTeX Font Info:    Overwriting symbol font `operators' in version `bold'
(Font)                  OT1/txr/m/n --> OT1/txr/bx/n on input line 22.
\symitalic=\mathgroup9
LaTeX Font Info:    Overwriting symbol font `italic' in version `bold'
(Font)                  OT1/txr/m/it --> OT1/txr/bx/it on input line 26.
LaTeX Font Info:    Redeclaring math alphabet \mathbf on input line 29.
LaTeX Font Info:    Redeclaring math alphabet \mathit on input line 30.
LaTeX Font Info:    Overwriting math alphabet `\mathit' in version `normal'
(Font)                  OT1/cmr/m/it --> OT1/txr/m/it on input line 30.
LaTeX Font Info:    Overwriting math alphabet `\mathit' in version `bold'
(Font)                  OT1/cmr/bx/it --> OT1/txr/m/it on input line 30.
LaTeX Font Info:    Overwriting math alphabet `\mathit' in version `bold'
(Font)                  OT1/txr/m/it --> OT1/txr/bx/it on input line 31.
LaTeX Font Info:    Redeclaring math alphabet \mathsf on input line 40.
LaTeX Font Info:    Overwriting math alphabet `\mathsf' in version `normal'
(Font)                  OT1/cmss/m/n --> OT1/txss/m/n on input line 40.
LaTeX Font Info:    Overwriting math alphabet `\mathsf' in version `bold'
(Font)                  OT1/cmss/bx/n --> OT1/txss/m/n on input line 40.
LaTeX Font Info:    Overwriting math alphabet `\mathsf' in version `bold'
(Font)                  OT1/txss/m/n --> OT1/txss/b/n on input line 41.
LaTeX Font Info:    Redeclaring math alphabet \mathtt on input line 50.
LaTeX Font Info:    Overwriting math alphabet `\mathtt' in version `normal'
(Font)                  OT1/cmtt/m/n --> OT1/txtt/m/n on input line 50.
LaTeX Font Info:    Overwriting math alphabet `\mathtt' in version `bold'
(Font)                  OT1/cmtt/m/n --> OT1/txtt/m/n on input line 50.
LaTeX Font Info:    Overwriting math alphabet `\mathtt' in version `bold'
(Font)                  OT1/txtt/m/n --> OT1/txtt/b/n on input line 51.
LaTeX Font Info:    Redeclaring symbol font `letters' on input line 58.
LaTeX Font Info:    Overwriting symbol font `letters' in version `normal'
(Font)                  OML/cmm/m/it --> OML/txmi/m/it on input line 58.
LaTeX Font Info:    Overwriting symbol font `letters' in version `bold'
(Font)                  OML/cmm/b/it --> OML/txmi/m/it on input line 58.
LaTeX Font Info:    Overwriting symbol font `letters' in version `bold'
(Font)                  OML/txmi/m/it --> OML/txmi/bx/it on input line 59.
\symlettersA=\mathgroup10
LaTeX Font Info:    Overwriting symbol font `lettersA' in version `bold'
(Font)                  U/txmia/m/it --> U/txmia/bx/it on input line 67.
LaTeX Font Info:    Redeclaring math alphabet \mathfrak on input line 70.
LaTeX Font Info:    Redeclaring symbol font `symbols' on input line 77.
LaTeX Font Info:    Overwriting symbol font `symbols' in version `normal'
(Font)                  OMS/cmsy/m/n --> OMS/txsy/m/n on input line 77.
LaTeX Font Info:    Overwriting symbol font `symbols' in version `bold'
(Font)                  OMS/cmsy/b/n --> OMS/txsy/m/n on input line 77.
LaTeX Font Info:    Overwriting symbol font `symbols' in version `bold'
(Font)                  OMS/txsy/m/n --> OMS/txsy/bx/n on input line 78.
LaTeX Font Info:    Redeclaring symbol font `AMSa' on input line 93.
LaTeX Font Info:    Overwriting symbol font `AMSa' in version `normal'
(Font)                  U/msa/m/n --> U/txsya/m/n on input line 93.
LaTeX Font Info:    Overwriting symbol font `AMSa' in version `bold'
(Font)                  U/msa/m/n --> U/txsya/m/n on input line 93.
LaTeX Font Info:    Overwriting symbol font `AMSa' in version `bold'
(Font)                  U/txsya/m/n --> U/txsya/bx/n on input line 94.
LaTeX Font Info:    Redeclaring symbol font `AMSb' on input line 102.
LaTeX Font Info:    Overwriting symbol font `AMSb' in version `normal'
(Font)                  U/msb/m/n --> U/txsyb/m/n on input line 102.
LaTeX Font Info:    Overwriting symbol font `AMSb' in version `bold'
(Font)                  U/msb/m/n --> U/txsyb/m/n on input line 102.
LaTeX Font Info:    Overwriting symbol font `AMSb' in version `bold'
(Font)                  U/txsyb/m/n --> U/txsyb/bx/n on input line 103.
\symsymbolsC=\mathgroup11
LaTeX Font Info:    Overwriting symbol font `symbolsC' in version `bold'
(Font)                  U/txsyc/m/n --> U/txsyc/bx/n on input line 113.
LaTeX Font Info:    Redeclaring symbol font `largesymbols' on input line 120.
LaTeX Font Info:    Overwriting symbol font `largesymbols' in version `normal'
(Font)                  OMX/cmex/m/n --> OMX/txex/m/n on input line 120.
LaTeX Font Info:    Overwriting symbol font `largesymbols' in version `bold'
(Font)                  OMX/cmex/m/n --> OMX/txex/m/n on input line 120.
LaTeX Font Info:    Overwriting symbol font `largesymbols' in version `bold'
(Font)                  OMX/txex/m/n --> OMX/txex/bx/n on input line 121.
\symlargesymbolsA=\mathgroup12
LaTeX Font Info:    Overwriting symbol font `largesymbolsA' in version `bold'
(Font)                  U/txexa/m/n --> U/txexa/bx/n on input line 129.
LaTeX Info: Redefining \not on input line 1043.
LaTeX Info: Redefining \textsquare on input line 1063.
LaTeX Info: Redefining \openbox on input line 1064.
)
Package csquotes Info: Checking for multilingual support...
Package csquotes Info: ... none found.


Package csquotes Warning: No multilingual support.
(csquotes)                Cannot enable multilingual quotes on input line 253.

No file bare_jrnl_comsoc.aux.
\openout1 = `bare_jrnl_comsoc.aux'.

LaTeX Font Info:    Checking defaults for OML/txmi/m/it on input line 253.
LaTeX Font Info:    Try loading font information for OML+txmi on input line 253
.
(/usr/local/texlive/2016/texmf-dist/tex/latex/txfonts/omltxmi.fd
File: omltxmi.fd 2000/12/15 v3.1
)
LaTeX Font Info:    ... okay on input line 253.
LaTeX Font Info:    Checking defaults for T1/cmr/m/n on input line 253.
LaTeX Font Info:    ... okay on input line 253.
LaTeX Font Info:    Checking defaults for OT1/cmr/m/n on input line 253.
LaTeX Font Info:    ... okay on input line 253.
LaTeX Font Info:    Checking defaults for OMS/txsy/m/n on input line 253.
LaTeX Font Info:    Try loading font information for OMS+txsy on input line 253
.

(/usr/local/texlive/2016/texmf-dist/tex/latex/txfonts/omstxsy.fd
File: omstxsy.fd 2000/12/15 v3.1
)
LaTeX Font Info:    ... okay on input line 253.
LaTeX Font Info:    Checking defaults for OMX/txex/m/n on input line 253.
LaTeX Font Info:    Try loading font information for OMX+txex on input line 253
.

(/usr/local/texlive/2016/texmf-dist/tex/latex/txfonts/omxtxex.fd
File: omxtxex.fd 2000/12/15 v3.1
)
LaTeX Font Info:    ... okay on input line 253.
LaTeX Font Info:    Checking defaults for U/txexa/m/n on input line 253.
LaTeX Font Info:    Try loading font information for U+txexa on input line 253.


(/usr/local/texlive/2016/texmf-dist/tex/latex/txfonts/utxexa.fd
File: utxexa.fd 2000/12/15 v3.1
)
LaTeX Font Info:    ... okay on input line 253.
LaTeX Font Info:    Try loading font information for T1+txr on input line 253.

(/usr/local/texlive/2016/texmf-dist/tex/latex/txfonts/t1txr.fd
File: t1txr.fd 2000/12/15 v3.1
)
-- Lines per column: 61 (exact).
(/usr/local/texlive/2016/texmf-dist/tex/context/base/mkii/supp-pdf.mkii
[Loading MPS to PDF converter (version 2006.09.02).]
\scratchcounter=\count296
\scratchdimen=\dimen339
\scratchbox=\box99
\nofMPsegments=\count297
\nofMParguments=\count298
\everyMPshowfont=\toks51
\MPscratchCnt=\count299
\MPscratchDim=\dimen340
\MPnumerator=\count300
\makeMPintoPDFobject=\count301
\everyMPtoPDFconversion=\toks52
) (/usr/local/texlive/2016/texmf-dist/tex/generic/oberdiek/pdftexcmds.sty
Package: pdftexcmds 2016/05/21 v0.22 Utility functions of pdfTeX for LuaTeX (HO
)

(/usr/local/texlive/2016/texmf-dist/tex/generic/oberdiek/ifluatex.sty
Package: ifluatex 2016/05/16 v1.4 Provides the ifluatex switch (HO)
Package ifluatex Info: LuaTeX not detected.
)
(/usr/local/texlive/2016/texmf-dist/tex/generic/oberdiek/ifpdf.sty
Package: ifpdf 2016/05/14 v3.1 Provides the ifpdf switch
)
Package pdftexcmds Info: LuaTeX not detected.
Package pdftexcmds Info: \pdf@primitive is available.
Package pdftexcmds Info: \pdf@ifprimitive is available.
Package pdftexcmds Info: \pdfdraftmode found.
)
(/usr/local/texlive/2016/texmf-dist/tex/latex/oberdiek/epstopdf-base.sty
Package: epstopdf-base 2016/05/15 v2.6 Base part for package epstopdf

(/usr/local/texlive/2016/texmf-dist/tex/latex/oberdiek/grfext.sty
Package: grfext 2016/05/16 v1.2 Manage graphics extensions (HO)

(/usr/local/texlive/2016/texmf-dist/tex/generic/oberdiek/kvdefinekeys.sty
Package: kvdefinekeys 2016/05/16 v1.4 Define keys (HO)
))
(/usr/local/texlive/2016/texmf-dist/tex/latex/oberdiek/kvoptions.sty
Package: kvoptions 2016/05/16 v3.12 Key value format for package options (HO)

(/usr/local/texlive/2016/texmf-dist/tex/generic/oberdiek/kvsetkeys.sty
Package: kvsetkeys 2016/05/16 v1.17 Key value parser (HO)

(/usr/local/texlive/2016/texmf-dist/tex/generic/oberdiek/etexcmds.sty
Package: etexcmds 2016/05/16 v1.6 Avoid name clashes with e-TeX commands (HO)
Package etexcmds Info: Could not find \expanded.
(etexcmds)             That can mean that you are not using pdfTeX 1.50 or
(etexcmds)             that some package has redefined \expanded.
(etexcmds)             In the latter case, load this package earlier.
)))
Package epstopdf-base Info: Redefining graphics rule for `.eps' on input line 4
38.
Package grfext Info: Graphics extension search list:
(grfext)             [.pdf,.png,.jpg,.mps,.jpeg,.jbig2,.jb2,.PNG,.PDF,.JPG,.JPE
G,.JBIG2,.JB2,.eps]
(grfext)             \AppendGraphicsExtensions on input line 456.

(/usr/local/texlive/2016/texmf-dist/tex/latex/latexconfig/epstopdf-sys.cfg
File: epstopdf-sys.cfg 2010/07/13 v1.3 Configuration of (r)epstopdf for TeX Liv
e
))
(/usr/local/texlive/2016/texmf-dist/tex/latex/ms/ragged2e.sty
Package: ragged2e 2009/05/21 v2.1 ragged2e Package (MS)

(/usr/local/texlive/2016/texmf-dist/tex/latex/ms/everysel.sty
Package: everysel 2011/10/28 v1.2 EverySelectfont Package (MS)

ABD: EverySelectfont initializing macros
LaTeX Info: Redefining \selectfont on input line 126.
)
\CenteringLeftskip=\skip104
\RaggedLeftLeftskip=\skip105
\RaggedRightLeftskip=\skip106
\CenteringRightskip=\skip107
\RaggedLeftRightskip=\skip108
\RaggedRightRightskip=\skip109
\CenteringParfillskip=\skip110
\RaggedLeftParfillskip=\skip111
\RaggedRightParfillskip=\skip112
\JustifyingParfillskip=\skip113
\CenteringParindent=\skip114
\RaggedLeftParindent=\skip115
\RaggedRightParindent=\skip116
\JustifyingParindent=\skip117
)
Package caption Info: Begin \AtBeginDocument code.
Package caption Info: subfigure package is loaded.
Package caption Info: threeparttable package is loaded.
Package caption Info: End \AtBeginDocument code.

ABD: EveryShipout initializing macros
LaTeX Font Info:    Try loading font information for T1+txss on input line 330.


(/usr/local/texlive/2016/texmf-dist/tex/latex/txfonts/t1txss.fd
File: t1txss.fd 2000/12/15 v3.1
)
LaTeX Font Info:    Font shape `T1/txss/m/n' will be
(Font)              scaled to size 22.88542pt on input line 330.
LaTeX Font Info:    Font shape `T1/txss/m/n' will be
(Font)              scaled to size 9.05879pt on input line 330.
LaTeX Font Info:    Font shape `T1/txss/m/n' will be
(Font)              scaled to size 10.48914pt on input line 330.
LaTeX Font Info:    Font shape `T1/txss/m/it' in size <11.04124> not available
(Font)              Font shape `T1/txss/m/sl' tried instead on input line 330.
LaTeX Font Info:    Font shape `T1/txss/m/sl' will be
(Font)              scaled to size 10.48914pt on input line 330.
LaTeX Font Info:    Calculating math sizes for size <11.04124> on input line 33
0.
LaTeX Font Info:    Try loading font information for OT1+txr on input line 330.


(/usr/local/texlive/2016/texmf-dist/tex/latex/txfonts/ot1txr.fd
File: ot1txr.fd 2000/12/15 v3.1
)
LaTeX Font Info:    Try loading font information for U+txsya on input line 330.


(/usr/local/texlive/2016/texmf-dist/tex/latex/txfonts/utxsya.fd
File: utxsya.fd 2000/12/15 v3.1
)
LaTeX Font Info:    Try loading font information for U+txsyb on input line 330.


(/usr/local/texlive/2016/texmf-dist/tex/latex/txfonts/utxsyb.fd
File: utxsyb.fd 2000/12/15 v3.1
)
LaTeX Font Info:    Try loading font information for U+txmia on input line 330.


(/usr/local/texlive/2016/texmf-dist/tex/latex/txfonts/utxmia.fd
File: utxmia.fd 2000/12/15 v3.1
)
LaTeX Font Info:    Try loading font information for U+txsyc on input line 330.


(/usr/local/texlive/2016/texmf-dist/tex/latex/txfonts/utxsyc.fd
File: utxsyc.fd 2000/12/15 v3.1
)
LaTeX Font Info:    Try loading font information for U+pzd on input line 330.

(/usr/local/texlive/2016/texmf-dist/tex/latex/psnfss/upzd.fd
File: upzd.fd 2001/06/04 font definitions for U/pzd.
)
LaTeX Font Info:    Font shape `T1/txss/m/n' will be
(Font)              scaled to size 7.62846pt on input line 334.
LaTeX Font Info:    Font shape `T1/txss/bx/n' will be
(Font)              scaled to size 7.62846pt on input line 334.
LaTeX Font Info:    Font shape `T1/txss/bx/n' will be
(Font)              scaled to size 10.48914pt on input line 372.
LaTeX Font Info:    Font shape `T1/txss/bx/sc' will be
(Font)              scaled to size 10.48914pt on input line 372.
LaTeX Font Info:    Calculating math sizes for size <9.53561> on input line 375
.


LaTeX Warning: Citation `Mitola' on page 1 undefined on input line 375.


LaTeX Warning: Citation `sensing_survey_2009' on page 1 undefined on input line
 377.


LaTeX Warning: Citation `zhao_survey_DSA_2007' on page 1 undefined on input lin
e 379.


LaTeX Warning: Citation `Sahai_FundamentalDesignTradeoffs2006' on page 1 undefi
ned on input line 382.


LaTeX Warning: Citation `coorperativeSensing_Akyildiz11' on page 1 undefined on
 input line 383.


LaTeX Warning: Citation `Sun07_clustering_spectrum_secsing' on page 1 undefined
 on input line 384.


LaTeX Warning: Citation `Zhao07' on page 1 undefined on input line 384.


LaTeX Warning: Citation `willkomm08' on page 1 undefined on input line 387.


LaTeX Warning: Citation `centralizedSharing80222' on page 1 undefined on input 
line 388.


LaTeX Warning: Citation `Abbasi_survey_07' on page 1 undefined on input line 38
8.


LaTeX Warning: Citation `Consensus_based_clustering12' on page 1 undefined on i
nput line 409.


LaTeX Warning: Citation `clustering_globecom11' on page 1 undefined on input li
ne 413.


LaTeX Warning: Citation `EnergyEfficientClusteringRouting_2015' on page 1 undef
ined on input line 413.

LaTeX Font Info:    Font shape `T1/txss/m/n' will be
(Font)              scaled to size 6.6749pt on input line 416.
[1{/usr/local/texlive/2016/texmf-var/fonts/map/pdftex/updmap/pdftex.map}


]

LaTeX Warning: Citation `Kawadia03' on page 2 undefined on input line 427.


LaTeX Warning: Citation `clustering_mesh_globecom2010' on page 2 undefined on i
nput line 427.


LaTeX Warning: Citation `Abbasi_survey_07' on page 2 undefined on input line 42
7.


LaTeX Warning: Citation `Zhao07' on page 2 undefined on input line 433.


LaTeX Warning: Citation `Chen07' on page 2 undefined on input line 433.


LaTeX Warning: Citation `Affinity_clustering_09icccn' on page 2 undefined on in
put line 433.


LaTeX Warning: Citation `Consensus_based_clustering12' on page 2 undefined on i
nput line 434.


LaTeX Warning: Citation `TWC2012_cooperative_communication' on page 2 undefined
 on input line 436.


LaTeX Warning: Citation `clustering_globecom11' on page 2 undefined on input li
ne 437.


LaTeX Warning: Citation `cluster_EW10' on page 2 undefined on input line 438.


LaTeX Warning: Citation `Ozger_cluster_crsn_13' on page 2 undefined on input li
ne 439.


LaTeX Warning: Citation `LIU_TMC11_2' on page 2 undefined on input line 442.


LaTeX Warning: Citation `clustering_globecom11' on page 2 undefined on input li
ne 448.


LaTeX Warning: Citation `cluster_EW10' on page 2 undefined on input line 448.


LaTeX Warning: Citation `mansoor_15_cluster_robust' on page 2 undefined on inpu
t line 449.


LaTeX Warning: Citation `Li11_ROSS' on page 2 undefined on input line 451.


LaTeX Warning: Citation `Li11_ROSS' on page 2 undefined on input line 456.


LaTeX Warning: Citation `Li11_ROSS' on page 2 undefined on input line 458.


LaTeX Warning: Citation `LIU_TMC11_2' on page 2 undefined on input line 458.


LaTeX Warning: Reference `sec:model' on page 2 undefined on input line 474.


LaTeX Warning: Reference `centralized_solution' on page 2 undefined on input li
ne 475.


LaTeX Warning: Reference `ross' on page 2 undefined on input line 475.


LaTeX Warning: Reference `performance' on page 2 undefined on input line 477.


LaTeX Warning: Reference `conclusion' on page 2 undefined on input line 478.


LaTeX Warning: Citation `unitDiskModel' on page 2 undefined on input line 489.

LaTeX Font Info:    Calculating math sizes for size <8.03> on input line 502.

LaTeX Warning: Citation `channelHopping_Rendezvous_2014' on page 2 undefined on
 input line 502.


LaTeX Warning: Citation `Gu_distributed_rendezvous_2014' on page 2 undefined on
 input line 502.


LaTeX Warning: Reference `tab1' on page 2 undefined on input line 516.

[2]
LaTeX Font Info:    Font shape `T1/txss/bx/n' will be
(Font)              scaled to size 9.05879pt on input line 560.


LaTeX Warning: Reference `intro' on page 3 undefined on input line 563.

LaTeX Font Info:    Try loading font information for T1+ptm on input line 569.
(/usr/local/texlive/2016/texmf-dist/tex/latex/psnfss/t1ptm.fd
File: t1ptm.fd 2001/06/04 font definitions for T1/ptm.
)
LaTeX Font Info:    Font shape `T1/ptm/bx/sc' in size <9.53561> not available
(Font)              Font shape `T1/ptm/b/sc' tried instead on input line 570.
LaTeX Font Info:    Font shape `T1/ptm/bx/n' in size <9.53561> not available
(Font)              Font shape `T1/ptm/b/n' tried instead on input line 570.


LaTeX Warning: Reference `sec:model' on page 3 undefined on input line 574.


LaTeX Warning: Reference `proof_theorem1' on page 3 undefined on input line 594
.


LaTeX Warning: Reference `def_centralized_clustering' on page 3 undefined on in
put line 616.


Package amsmath Warning: Foreign command \atopwithdelims;
(amsmath)                \frac or \genfrac should be used instead
(amsmath)                 on input line 767.

[3]

LaTeX Warning: Reference `fig1' on page 4 undefined on input line 816.


LaTeX Warning: File `figure1.pdf' not found on input line 819.


! Package pdftex.def Error: File `figure1.pdf' not found.

See the pdftex.def package documentation for explanation.
Type  H <return>  for immediate help.
 ...                                              
                                                  
l.819 ...raphics[width=0.7\linewidth]{figure1.pdf}
                                                  
? 
LaTeX Font Info:    Try loading font information for T1+txtt on input line 819.

(/usr/local/texlive/2016/texmf-dist/tex/latex/txfonts/t1txtt.fd
File: t1txtt.fd 2000/12/15 v3.1
)
Underfull \hbox (badness 5022) in paragraph at lines 821--821
\OMS/txsy/m/n/9.53561 f\OT1/txr/m/n/9.53561 1\OML/txmi/m/it/9.53561 ; \OT1/txr/
m/n/9.53561 2\OML/txmi/m/it/9.53561 ; \OT1/txr/m/n/9.53561 3\OML/txmi/m/it/9.53
561 ; \OT1/txr/m/n/9.53561 5\OML/txmi/m/it/9.53561 ; \OT1/txr/m/n/9.53561 7\OMS
/txsy/m/n/9.53561 g\OML/txmi/m/it/9.53561 ; K[] \OT1/txr/m/n/9.53561 = \OMS/txs
y/m/n/9.53561 f\OT1/txr/m/n/9.53561 1\OML/txmi/m/it/9.53561 ; \OT1/txr/m/n/9.53
561 3\OML/txmi/m/it/9.53561 ; \OT1/txr/m/n/9.53561 4\OML/txmi/m/it/9.53561 ; \O
T1/txr/m/n/9.53561 10\OMS/txsy/m/n/9.53561 g\OML/txmi/m/it/9.53561 ; K[] \OT1/t
xr/m/n/9.53561 = \OMS/txsy/m/n/9.53561 f\OT1/txr/m/n/9.53561 1\OML/txmi/m/it/9.
53561 ; \OT1/txr/m/n/9.53561 2\OML/txmi/m/it/9.53561 ; \OT1/txr/m/n/9.53561 3\O
ML/txmi/m/it/9.53561 ; \OT1/txr/m/n/9.53561 5\OMS/txsy/m/n/9.53561 g\OML/txmi/m
/it/9.53561 ; K[] \OT1/txr/m/n/9.53561 =
 []

LaTeX Font Info:    Font shape `T1/txss/m/it' in size <9.53561> not available
(Font)              Font shape `T1/txss/m/sl' tried instead on input line 828.
LaTeX Font Info:    Font shape `T1/txss/m/sl' will be
(Font)              scaled to size 9.05879pt on input line 828.

LaTeX Warning: Reference `ross_p1_guarantee_ccc' on page 4 undefined on input l
ine 837.


LaTeX Warning: Reference `ross_p2_cluster_pruning' on page 4 undefined on input
 line 837.


LaTeX Warning: Reference `alg0' on page 4 undefined on input line 838.


LaTeX Warning: Reference `clustering:theorem' on page 4 undefined on input line
 863.


LaTeX Warning: Reference `proof_clustering:theorem' on page 4 undefined on inpu
t line 864.


LaTeX Warning: Reference `clustering:theorem' on page 4 undefined on input line
 866.


LaTeX Warning: Reference `alg0' on page 4 undefined on input line 867.


LaTeX Warning: Reference `clustering:theorem' on page 4 undefined on input line
 869.


LaTeX Warning: Reference `alg0' on page 4 undefined on input line 870.


LaTeX Warning: Reference `alg0' on page 4 undefined on input line 874.


LaTeX Warning: Reference `fig1' on page 4 undefined on input line 874.


LaTeX Warning: Reference `fig2' on page 4 undefined on input line 874.


LaTeX Warning: Reference `alg0' on page 4 undefined on input line 884.


LaTeX Warning: Reference `alg_size_control_available_CCC' on page 4 undefined o
n input line 893.


LaTeX Warning: Reference `alg0' on page 4 undefined on input line 894.


LaTeX Warning: Reference `clustering:theorem' on page 4 undefined on input line
 894.

[4]

LaTeX Warning: Citation `robust_clustering_arxiv' on page 5 undefined on input 
line 941.


LaTeX Warning: Reference `ross_p1_guarantee_ccc' on page 5 undefined on input l
ine 949.


LaTeX Warning: Reference `alg_size_control_available_CCC' on page 5 undefined o
n input line 949.


LaTeX Warning: File `figure2.pdf' not found on input line 955.


! Package pdftex.def Error: File `figure2.pdf' not found.

See the pdftex.def package documentation for explanation.
Type  H <return>  for immediate help.
 ...                                              
                                                  
l.955 ...raphics[width=0.5\linewidth]{figure2.pdf}
                                                  
? 

LaTeX Warning: Reference `fig1' on page 5 undefined on input line 964.


LaTeX Warning: Reference `fig2' on page 5 undefined on input line 964.


LaTeX Warning: Reference `alg4' on page 5 undefined on input line 998.


LaTeX Warning: Citation `game_for_communication_01' on page 5 undefined on inpu
t line 1027.


LaTeX Warning: Citation `Neel06analysisand' on page 5 undefined on input line 1
028.


LaTeX Warning: Citation `Wang_gtc_crn_survey_2010' on page 5 undefined on input
 line 1028.


LaTeX Warning: Citation `Cloud_Computing_2010' on page 5 undefined on input lin
e 1031.

[5]

LaTeX Warning: Reference `debatable_nodes_claiming_cluster' on page 6 undefined
 on input line 1039.


LaTeX Warning: File `singletongame_png.png' not found on input line 1044.


! Package pdftex.def Error: File `singletongame_png.png' not found.

See the pdftex.def package documentation for explanation.
Type  H <return>  for immediate help.
 ...                                              
                                                  
l.1044 ...h=0.25\linewidth]{singletongame_png.png}
                                                  
? 

LaTeX Warning: Citation `Ackermann06purenash' on page 6 undefined on input line
 1082.


LaTeX Warning: Citation `Ackermann06purenash' on page 6 undefined on input line
 1107.


LaTeX Warning: Reference `percentage_overlapping_node' on page 6 undefined on i
nput line 1112.


LaTeX Warning: Reference `phaseI' on page 6 undefined on input line 1113.


LaTeX Warning: Citation `robust_clustering_arxiv' on page 6 undefined on input 
line 1114.


LaTeX Warning: Reference `alg4' on page 6 undefined on input line 1132.


LaTeX Warning: Reference `fig2' on page 6 undefined on input line 1134.


LaTeX Warning: Reference `fig3' on page 6 undefined on input line 1136.


LaTeX Warning: Reference `AinC' on page 6 undefined on input line 1137.


LaTeX Warning: Reference `AinH' on page 6 undefined on input line 1137.


LaTeX Warning: Reference `final_clustering_ross' on page 6 undefined on input l
ine 1138.


LaTeX Warning: File `figure4AinC.pdf' not found on input line 1148.


! Package pdftex.def Error: File `figure4AinC.pdf' not found.

See the pdftex.def package documentation for explanation.
Type  H <return>  for immediate help.
 ...                                              
                                                  
l.1148 }
        
? 

Underfull \hbox (badness 6625) in paragraph at lines 1148--1148
[]\T1/txr/m/n/8.03 (a) Node A stays in clus-ter
 []


LaTeX Warning: File `figure4AinH.pdf' not found on input line 1153.


! Package pdftex.def Error: File `figure4AinH.pdf' not found.

See the pdftex.def package documentation for explanation.
Type  H <return>  for immediate help.
 ...                                              
                                                  
l.1153 }
        
? 

Underfull \hbox (badness 6300) in paragraph at lines 1153--1153
[]\T1/txr/m/n/8.03 (b) Node A stays in clus-ter
 []

Excluding 'comment' comment.

LaTeX Warning: File `final_clustering_ross.pdf' not found on input line 1169.


! Package pdftex.def Error: File `final_clustering_ross.pdf' not found.

See the pdftex.def package documentation for explanation.
Type  H <return>  for immediate help.
 ...                                              
                                                  
l.1169 ....5\linewidth]{final_clustering_ross.pdf}
                                                  
? 

LaTeX Warning: `h' float specifier changed to `ht'.

[6]

LaTeX Warning: Citation `LIU_TMC11_2' on page 7 undefined on input line 1185.


LaTeX Warning: Reference `centralized_solution' on page 7 undefined on input li
ne 1187.


LaTeX Warning: Citation `Li11_ROSS' on page 7 undefined on input line 1190.


LaTeX Warning: Citation `LIU_TMC11_2' on page 7 undefined on input line 1191.


LaTeX Warning: Citation `Basagni99' on page 7 undefined on input line 1192.


LaTeX Warning: Citation `Zhao07' on page 7 undefined on input line 1192.


LaTeX Warning: Reference `fig1' on page 7 undefined on input line 1194.


LaTeX Warning: Reference `fig:final_clustering' on page 7 undefined on input li
ne 1194.


! LaTeX Error: File `final_clustering_soc' not found.

See the LaTeX manual or LaTeX Companion for explanation.
Type  H <return>  for immediate help.
 ...                                              
                                                  
l.1209 ...ng_soc}\label{fig:final_clustering_soc}}
                                                  
? 

Overfull \hbox (8.91327pt too wide) in paragraph at lines 1209--1209
[]\T1/txr/m/n/8.03 (a)
 []


Overfull \hbox (16.05194pt too wide) in paragraph at lines 1209--1209
\T1/txr/m/n/8.03 Gen-
 []


Overfull \hbox (8.75266pt too wide) in paragraph at lines 1209--1209
\T1/txr/m/n/8.03 er-
 []


Overfull \hbox (13.37794pt too wide) in paragraph at lines 1209--1209
\T1/txr/m/n/8.03 ated
 []


Overfull \hbox (8.03pt too wide) in paragraph at lines 1209--1209
\T1/txr/m/n/8.03 by
 []


Overfull \hbox (15.61833pt too wide) in paragraph at lines 1209--1209
\T1/txr/m/n/8.03 SOC 
 []


! LaTeX Error: File `final_clustering_LP' not found.

See the LaTeX manual or LaTeX Companion for explanation.
Type  H <return>  for immediate help.
 ...                                              
                                                  
l.1211 ...ring_LP}\label{fig:final_clustering_LP}}
                                                  
? 

Overfull \hbox (9.36296pt too wide) in paragraph at lines 1211--1211
[]\T1/txr/m/n/8.03 (b)
 []


Overfull \hbox (16.05194pt too wide) in paragraph at lines 1211--1211
\T1/txr/m/n/8.03 Gen-
 []


Overfull \hbox (8.75266pt too wide) in paragraph at lines 1211--1211
\T1/txr/m/n/8.03 er-
 []


Overfull \hbox (13.37794pt too wide) in paragraph at lines 1211--1211
\T1/txr/m/n/8.03 ated
 []


Overfull \hbox (8.03pt too wide) in paragraph at lines 1211--1211
\T1/txr/m/n/8.03 by
 []


Overfull \hbox (9.81264pt too wide) in paragraph at lines 1211--1211
\T1/txr/m/n/8.03 the
 []


Overfull \hbox (13.8196pt too wide) in paragraph at lines 1211--1211
\T1/txr/m/n/8.03 cen-
 []


Overfull \hbox (13.37793pt too wide) in paragraph at lines 1211--1211
\T1/txr/m/n/8.03 tral-
 []


Overfull \hbox (13.37794pt too wide) in paragraph at lines 1211--1211
\T1/txr/m/n/8.03 ized
 []


Overfull \hbox (15.61028pt too wide) in paragraph at lines 1211--1211
\T1/txr/m/n/8.03 clus-
 []


Overfull \hbox (10.98499pt too wide) in paragraph at lines 1211--1211
\T1/txr/m/n/8.03 ter-
 []


Overfull \hbox (10.26233pt too wide) in paragraph at lines 1211--1211
\T1/txr/m/n/8.03 ing
 []


Overfull \hbox (24.08191pt too wide) in paragraph at lines 1211--1211
\T1/txr/m/n/8.03 scheme 
 []


LaTeX Warning: Citation `LIU_TMC11_2' on page 7 undefined on input line 1224.


LaTeX Warning: Citation `Li11_ROSS' on page 7 undefined on input line 1224.


LaTeX Warning: Reference `ross_p2_cluster_pruning' on page 7 undefined on input
 line 1260.


LaTeX Warning: Reference `ccc_per_nonsingleton' on page 7 undefined on input li
ne 1281.


LaTeX Warning: File `ccc_20.pdf' not found on input line 1296.


! Package pdftex.def Error: File `ccc_20.pdf' not found.

See the pdftex.def package documentation for explanation.
Type  H <return>  for immediate help.
 ...                                              
                                                  
l.1296 ...degraphics[width=\linewidth]{ccc_20.pdf}
                                                  \par\caption{Number of com...

? 

LaTeX Warning: File `cdf_clusterSize_20.pdf' not found on input line 1297.


! Package pdftex.def Error: File `cdf_clusterSize_20.pdf' not found.

See the pdftex.def package documentation for explanation.
Type  H <return>  for immediate help.
 ...                                              
                                                  
l.1297 ...idth=\linewidth]{cdf_clusterSize_20.pdf}
                                                  \par\caption{Cumulative di...

? 

LaTeX Warning: File `survival_rate_20.pdf' not found on input line 1298.


! Package pdftex.def Error: File `survival_rate_20.pdf' not found.

See the pdftex.def package documentation for explanation.
Type  H <return>  for immediate help.
 ...                                              
                                                  
l.1298 ...[width=\linewidth]{survival_rate_20.pdf}
                                                  \par\caption{Number of unc...

? 

LaTeX Warning: Reference `size_control' on page 7 undefined on input line 1315.



LaTeX Warning: Reference `ross_p1_guarantee_ccc' on page 7 undefined on input l
ine 1318.


LaTeX Warning: Reference `ross_p2_cluster_pruning' on page 7 undefined on input
 line 1318.

[7]

LaTeX Warning: Reference `singleton_clusters' on page 8 undefined on input line
 1338.


LaTeX Warning: Citation `complexity_aggregation_2011' on page 8 undefined on in
put line 1350.


LaTeX Warning: Reference `ross' on page 8 undefined on input line 1351.


LaTeX Warning: Reference `clustering:theorem' on page 8 undefined on input line
 1358.


LaTeX Warning: Citation `Efficient_broadcasting_gathering_adhoc' on page 8 unde
fined on input line 1362.


LaTeX Warning: Reference `percentage_overlapping_node' on page 8 undefined on i
nput line 1390.


LaTeX Warning: File `percentage_overlapping_node.pdf' not found on input line 1
393.


! Package pdftex.def Error: File `percentage_overlapping_node.pdf' not found.

See the pdftex.def package documentation for explanation.
Type  H <return>  for immediate help.
 ...                                              
                                                  
l.1393 ...ewidth]{percentage_overlapping_node.pdf}
                                                  
? 

LaTeX Warning: Reference `tab_overhead' on page 8 undefined on input line 1409.



LaTeX Warning: Reference `control_msg' on page 8 undefined on input line 1410.

LaTeX Font Info:    Calculating math sizes for size <9.03374> on input line 143
8.

Overfull \vbox (5.04251pt too high) detected at line 1441
 []


LaTeX Warning: Reference `tnote:robots-r1' on page 8 undefined on input line 14
45.


LaTeX Warning: File `number_controlMsg.pdf' not found on input line 1459.


! Package pdftex.def Error: File `number_controlMsg.pdf' not found.

See the pdftex.def package documentation for explanation.
Type  H <return>  for immediate help.
 ...                                              
                                                  
l.1459 ...th=0.6\linewidth]{number_controlMsg.pdf}
                                                  
? 

LaTeX Warning: Reference `Simulation_para' on page 8 undefined on input line 14
74.

[8]

LaTeX Warning: File `ccc_large_scale_color.pdf' not found on input line 1499.


! Package pdftex.def Error: File `ccc_large_scale_color.pdf' not found.

See the pdftex.def package documentation for explanation.
Type  H <return>  for immediate help.
 ...                                              
                                                  
l.1499 ....7\linewidth]{ccc_large_scale_color.pdf}
                                                  
? 

LaTeX Warning: Reference `ccc_large_scale' on page 9 undefined on input line 15
04.


LaTeX Warning: Reference `singleton_clusters_100' on page 9 undefined on input 
line 1517.


LaTeX Warning: Reference `singleton_clusters_200' on page 9 undefined on input 
line 1517.


LaTeX Warning: Reference `singleton_clusters_300' on page 9 undefined on input 
line 1518.


LaTeX Warning: Reference `singleton_clusters_100' on page 9 undefined on input 
line 1520.


LaTeX Warning: Reference `singleton_clusters_300' on page 9 undefined on input 
line 1520.


LaTeX Warning: File `survival_rate_100_edge50.pdf' not found on input line 1529
.


! Package pdftex.def Error: File `survival_rate_100_edge50.pdf' not found.

See the pdftex.def package documentation for explanation.
Type  H <return>  for immediate help.
 ...                                              
                                                  
l.1529 ...linewidth]{survival_rate_100_edge50.pdf}
                                                  \par\caption{100 CRs}\labe...

? 

LaTeX Warning: File `survival_rate_200_edge50.pdf' not found on input line 1530
.


! Package pdftex.def Error: File `survival_rate_200_edge50.pdf' not found.

See the pdftex.def package documentation for explanation.
Type  H <return>  for immediate help.
 ...                                              
                                                  
l.1530 ...linewidth]{survival_rate_200_edge50.pdf}
                                                  \par\caption{200 CRs}\labe...

? x
 
Here is how much of TeX's memory you used:
 28134 strings out of 493013
 532440 string characters out of 6133342
 853861 words of memory out of 5000000
 31065 multiletter control sequences out of 15000+600000
 224187 words of font info for 316 fonts, out of 8000000 for 9000
 1144 hyphenation exceptions out of 8191
 62i,19n,77p,10447b,14812s stack positions out of 5000i,500n,10000p,200000b,80000s
{/usr/local/texlive/2016/texmf-dist/fonts/enc/dvips/base/8r.enc}</usr/local/tex
live/2016/texmf-dist/fonts/type1/public/txfonts/rtxbsssc.pfb></usr/local/texliv
e/2016/texmf-dist/fonts/type1/public/txfonts/rtxmi.pfb></usr/local/texlive/2016
/texmf-dist/fonts/type1/public/txfonts/rtxr.pfb></usr/local/texlive/2016/texmf-
dist/fonts/type1/public/txfonts/rtxsc.pfb></usr/local/texlive/2016/texmf-dist/f
onts/type1/public/txfonts/t1xtt.pfb></usr/local/texlive/2016/texmf-dist/fonts/t
ype1/public/txfonts/txex.pfb></usr/local/texlive/2016/texmf-dist/fonts/type1/pu
blic/txfonts/txsy.pfb></usr/local/texlive/2016/texmf-dist/fonts/type1/public/tx
fonts/txsya.pfb></usr/local/texlive/2016/texmf-dist/fonts/type1/public/txfonts/
txsyb.pfb></usr/local/texlive/2016/texmf-dist/fonts/type1/public/txfonts/txsyc.
pfb></usr/local/texlive/2016/texmf-dist/fonts/type1/urw/helvetic/uhvb8a.pfb></u
sr/local/texlive/2016/texmf-dist/fonts/type1/urw/helvetic/uhvr8a.pfb></usr/loca
l/texlive/2016/texmf-dist/fonts/type1/urw/helvetic/uhvr8a.pfb></usr/local/texli
ve/2016/texmf-dist/fonts/type1/urw/times/utmb8a.pfb></usr/local/texlive/2016/te
xmf-dist/fonts/type1/urw/times/utmr8a.pfb></usr/local/texlive/2016/texmf-dist/f
onts/type1/urw/times/utmri8a.pfb></usr/local/texlive/2016/texmf-dist/fonts/type
1/urw/zapfding/uzdr.pfb>
Output written on bare_jrnl_comsoc.pdf (8 pages, 152945 bytes).
PDF statistics:
 107 PDF objects out of 1000 (max. 8388607)
 76 compressed objects within 1 object stream
 0 named destinations out of 1000 (max. 500000)
 1 words of extra memory for PDF output out of 10000 (max. 10000000)

