\BOOKMARK [1][-]{section.1}{Introduction}{}% 1
\BOOKMARK [1][-]{section.2}{Related Work}{}% 2
\BOOKMARK [1][-]{section.3}{System Model}{}% 3
\BOOKMARK [1][-]{section.4}{Robust Clustering Problem in CRN}{}% 4
\BOOKMARK [2][-]{subsection.4.1}{Cluster in CRN}{section.4}% 5
\BOOKMARK [2][-]{subsection.4.2}{Robust Clustering Problem}{section.4}% 6
\BOOKMARK [2][-]{subsection.4.3}{Complexity of the Robust Clustering Problem}{section.4}% 7
\BOOKMARK [1][-]{section.5}{Centralized Solution for Robust Clustering}{}% 8
\BOOKMARK [1][-]{section.6}{Distributed Clustering Algorithm: ROSS}{}% 9
\BOOKMARK [2][-]{subsection.6.1}{Phase I - Cluster Formation}{section.6}% 10
\BOOKMARK [2][-]{subsection.6.2}{Phase II - Membership Clarification}{section.6}% 11
\BOOKMARK [2][-]{subsection.6.3}{Apply the Centralized and Comparison Distributed Schemes in the Example CRN}{section.6}% 12
\BOOKMARK [1][-]{section.7}{Performance Evaluation}{}% 13
\BOOKMARK [2][-]{subsection.7.1}{Centralized Schemes vs. Decentralized Schemes}{section.7}% 14
\BOOKMARK [2][-]{subsection.7.2}{Comparison between Distributed Schemes}{section.7}% 15
\BOOKMARK [2][-]{subsection.7.3}{Insights from the Simulation}{section.7}% 16
\BOOKMARK [1][-]{section.8}{Conclusion}{}% 17
\BOOKMARK [1][-]{section*.31}{References}{}% 18
\BOOKMARK [1][-]{IEEEbiography.0}{Biographies}{}% 19
\BOOKMARK [2][-]{IEEEbiography.1}{Di Li}{IEEEbiography.0}% 20
\BOOKMARK [2][-]{IEEEbiography.2}{Erwin Fang}{IEEEbiography.0}% 21
\BOOKMARK [2][-]{IEEEbiography.3}{James Gross}{IEEEbiography.0}% 22
