This is pdfTeX, Version 3.14159265-2.6-1.40.18 (TeX Live 2017) (preloaded format=pdflatex 2017.10.3)  26 NOV 2017 15:25
entering extended mode
 restricted \write18 enabled.
 %&-line parsing enabled.
**ettdoc_JG.tex
(./ettdoc_JG.tex
LaTeX2e <2017-04-15>
Babel <3.10> and hyphenation patterns for 84 language(s) loaded.
(./ettauth.cls
Document Class: ettauth 2012/06/19 v2.10\ ettauth.cls
(/usr/local/texlive/2017/texmf-dist/tex/latex/base/article.cls
Document Class: article 2014/09/29 v1.4h Standard LaTeX document class
(/usr/local/texlive/2017/texmf-dist/tex/latex/base/size10.clo
File: size10.clo 2014/09/29 v1.4h Standard LaTeX file (size option)
)
\c@part=\count79
\c@section=\count80
\c@subsection=\count81
\c@subsubsection=\count82
\c@paragraph=\count83
\c@subparagraph=\count84
\c@figure=\count85
\c@table=\count86
\abovecaptionskip=\skip41
\belowcaptionskip=\skip42
\bibindent=\dimen102
)
(/usr/local/texlive/2017/texmf-dist/tex/latex/psnfss/times.sty
Package: times 2005/04/12 PSNFSS-v9.2a (SPQR) 
)
(/usr/local/texlive/2017/texmf-dist/tex/latex/graphics/graphicx.sty
Package: graphicx 2014/10/28 v1.0g Enhanced LaTeX Graphics (DPC,SPQR)

(/usr/local/texlive/2017/texmf-dist/tex/latex/graphics/keyval.sty
Package: keyval 2014/10/28 v1.15 key=value parser (DPC)
\KV@toks@=\toks14
)
(/usr/local/texlive/2017/texmf-dist/tex/latex/graphics/graphics.sty
Package: graphics 2017/04/14 v1.1b Standard LaTeX Graphics (DPC,SPQR)

(/usr/local/texlive/2017/texmf-dist/tex/latex/graphics/trig.sty
Package: trig 2016/01/03 v1.10 sin cos tan (DPC)
)
(/usr/local/texlive/2017/texmf-dist/tex/latex/graphics-cfg/graphics.cfg
File: graphics.cfg 2016/06/04 v1.11 sample graphics configuration
)
Package graphics Info: Driver file: pdftex.def on input line 99.

(/usr/local/texlive/2017/texmf-dist/tex/latex/graphics-def/pdftex.def
File: pdftex.def 2017/01/12 v0.06k Graphics/color for pdfTeX

(/usr/local/texlive/2017/texmf-dist/tex/generic/oberdiek/infwarerr.sty
Package: infwarerr 2016/05/16 v1.4 Providing info/warning/error messages (HO)
)
(/usr/local/texlive/2017/texmf-dist/tex/generic/oberdiek/ltxcmds.sty
Package: ltxcmds 2016/05/16 v1.23 LaTeX kernel commands for general use (HO)
)
\Gread@gobject=\count87
))
\Gin@req@height=\dimen103
\Gin@req@width=\dimen104
)
(/usr/local/texlive/2017/texmf-dist/tex/latex/psnfss/pifont.sty
Package: pifont 2005/04/12 PSNFSS-v9.2a Pi font support (SPQR) 
LaTeX Font Info:    Try loading font information for U+pzd on input line 63.

(/usr/local/texlive/2017/texmf-dist/tex/latex/psnfss/upzd.fd
File: upzd.fd 2001/06/04 font definitions for U/pzd.
)
LaTeX Font Info:    Try loading font information for U+psy on input line 64.

(/usr/local/texlive/2017/texmf-dist/tex/latex/psnfss/upsy.fd
File: upsy.fd 2001/06/04 font definitions for U/psy.
))
(/usr/local/texlive/2017/texmf-dist/tex/latex/base/latexsym.sty
Package: latexsym 1998/08/17 v2.2e Standard LaTeX package (lasy symbols)
\symlasy=\mathgroup4
LaTeX Font Info:    Overwriting symbol font `lasy' in version `bold'
(Font)                  U/lasy/m/n --> U/lasy/b/n on input line 52.
)
(/usr/local/texlive/2017/texmf-dist/tex/latex/base/ifthen.sty
Package: ifthen 2014/09/29 v1.1c Standard LaTeX ifthen package (DPC)
)
(/usr/local/texlive/2017/texmf-dist/tex/latex/graphics/rotating.sty
Package: rotating 2016/08/11 v2.16d rotated objects in LaTeX
\c@r@tfl@t=\count88
\rotFPtop=\skip43
\rotFPbot=\skip44
\rot@float@box=\box26
\rot@mess@toks=\toks15
)
(/usr/local/texlive/2017/texmf-dist/tex/latex/tools/calc.sty
Package: calc 2014/10/28 v4.3 Infix arithmetic (KKT,FJ)
\calc@Acount=\count89
\calc@Bcount=\count90
\calc@Adimen=\dimen105
\calc@Bdimen=\dimen106
\calc@Askip=\skip45
\calc@Bskip=\skip46
LaTeX Info: Redefining \setlength on input line 80.
LaTeX Info: Redefining \addtolength on input line 81.
\calc@Ccount=\count91
\calc@Cskip=\skip47
)
(/usr/local/texlive/2017/texmf-dist/tex/latex/textcase/textcase.sty
Package: textcase 2004/10/07 v0.07 Text only upper/lower case changing (DPC)
)
(/usr/local/texlive/2017/texmf-dist/tex/latex/booktabs/booktabs.sty
Package: booktabs 2016/04/27 v1.618033 publication quality tables
\heavyrulewidth=\dimen107
\lightrulewidth=\dimen108
\cmidrulewidth=\dimen109
\belowrulesep=\dimen110
\belowbottomsep=\dimen111
\aboverulesep=\dimen112
\abovetopsep=\dimen113
\cmidrulesep=\dimen114
\cmidrulekern=\dimen115
\defaultaddspace=\dimen116
\@cmidla=\count92
\@cmidlb=\count93
\@aboverulesep=\dimen117
\@belowrulesep=\dimen118
\@thisruleclass=\count94
\@lastruleclass=\count95
\@thisrulewidth=\dimen119
)
(/usr/local/texlive/2017/texmf-dist/tex/latex/graphics/color.sty
Package: color 2016/07/10 v1.1e Standard LaTeX Color (DPC)

(/usr/local/texlive/2017/texmf-dist/tex/latex/graphics-cfg/color.cfg
File: color.cfg 2016/01/02 v1.6 sample color configuration
)
Package color Info: Driver file: pdftex.def on input line 147.
)
(/usr/local/texlive/2017/texmf-dist/tex/latex/amsfonts/amsfonts.sty
Package: amsfonts 2013/01/14 v3.01 Basic AMSFonts support
\@emptytoks=\toks16
\symAMSa=\mathgroup5
\symAMSb=\mathgroup6
LaTeX Font Info:    Overwriting math alphabet `\mathfrak' in version `bold'
(Font)                  U/euf/m/n --> U/euf/b/n on input line 106.
)
(/usr/local/texlive/2017/texmf-dist/tex/latex/amsfonts/amssymb.sty
Package: amssymb 2013/01/14 v3.01 AMS font symbols
)
(/usr/local/texlive/2017/texmf-dist/tex/latex/amsmath/amsbsy.sty
Package: amsbsy 1999/11/29 v1.2d Bold Symbols

(/usr/local/texlive/2017/texmf-dist/tex/latex/amsmath/amsgen.sty
File: amsgen.sty 1999/11/30 v2.0 generic functions
\@emptytoks=\toks17
\ex@=\dimen120
)
\pmbraise@=\dimen121
)
(/usr/local/texlive/2017/texmf-dist/tex/latex/amsmath/amsmath.sty
Package: amsmath 2016/11/05 v2.16a AMS math features
\@mathmargin=\skip48

For additional information on amsmath, use the `?' option.
(/usr/local/texlive/2017/texmf-dist/tex/latex/amsmath/amstext.sty
Package: amstext 2000/06/29 v2.01 AMS text
)
(/usr/local/texlive/2017/texmf-dist/tex/latex/amsmath/amsopn.sty
Package: amsopn 2016/03/08 v2.02 operator names
)
\inf@bad=\count96
LaTeX Info: Redefining \frac on input line 213.
\uproot@=\count97
\leftroot@=\count98
LaTeX Info: Redefining \overline on input line 375.
\classnum@=\count99
\DOTSCASE@=\count100
LaTeX Info: Redefining \ldots on input line 472.
LaTeX Info: Redefining \dots on input line 475.
LaTeX Info: Redefining \cdots on input line 596.
\Mathstrutbox@=\box27
\strutbox@=\box28
\big@size=\dimen122
LaTeX Font Info:    Redeclaring font encoding OML on input line 712.
LaTeX Font Info:    Redeclaring font encoding OMS on input line 713.
\macc@depth=\count101
\c@MaxMatrixCols=\count102
\dotsspace@=\muskip10
\c@parentequation=\count103
\dspbrk@lvl=\count104
\tag@help=\toks18
\row@=\count105
\column@=\count106
\maxfields@=\count107
\andhelp@=\toks19
\eqnshift@=\dimen123
\alignsep@=\dimen124
\tagshift@=\dimen125
\tagwidth@=\dimen126
\totwidth@=\dimen127
\lineht@=\dimen128
\@envbody=\toks20
\multlinegap=\skip49
\multlinetaggap=\skip50
\mathdisplay@stack=\toks21
LaTeX Info: Redefining \[ on input line 2817.
LaTeX Info: Redefining \] on input line 2818.
)
(/usr/local/texlive/2017/texmf-dist/tex/latex/amscls/amsthm.sty
Package: amsthm 2015/03/04 v2.20.2
\thm@style=\toks22
\thm@bodyfont=\toks23
\thm@headfont=\toks24
\thm@notefont=\toks25
\thm@headpunct=\toks26
\thm@preskip=\skip51
\thm@postskip=\skip52
\thm@headsep=\skip53
\dth@everypar=\toks27
)
(/usr/local/texlive/2017/texmf-dist/tex/latex/base/tracefnt.sty
Package: tracefnt 2015/02/21 v3.0k Standard LaTeX package (font tracing)
\tracingfonts=\count108
LaTeX Info: Redefining \selectfont on input line 106.
)
\absbox=\box29
\@bls=\dimen129

(/usr/local/texlive/2017/texmf-dist/tex/latex/caption/caption.sty
Package: caption 2016/02/21 v3.3-144 Customizing captions (AR)

(/usr/local/texlive/2017/texmf-dist/tex/latex/caption/caption3.sty
Package: caption3 2016/05/22 v1.7-166 caption3 kernel (AR)
Package caption3 Info: TeX engine: e-TeX on input line 67.
\captionmargin=\dimen130
\captionmargin@=\dimen131
\captionwidth=\dimen132
\caption@tempdima=\dimen133
\caption@indent=\dimen134
\caption@parindent=\dimen135
\caption@hangindent=\dimen136
)
\c@ContinuedFloat=\count109
Package caption Info: rotating package is loaded.
))
(/usr/local/texlive/2017/texmf-dist/tex/latex/appendix/appendix.sty
Package: appendix 2009/09/02 v1.2b extra appendix facilities
\c@@pps=\count110
\c@@ppsavesec=\count111
\c@@ppsaveapp=\count112
)
(/usr/local/texlive/2017/texmf-dist/tex/latex/moreverb/moreverb.sty
Package: moreverb 2008/06/03 v2.3a `more' verbatim facilities

(/usr/local/texlive/2017/texmf-dist/tex/latex/tools/verbatim.sty
Package: verbatim 2014/10/28 v1.5q LaTeX2e package for verbatim enhancements
\every@verbatim=\toks28
\verbatim@line=\toks29
\verbatim@in@stream=\read1
)
\tab@position=\count113
\tab@size=\count114
\listing@line=\count115
)
(/usr/local/texlive/2017/texmf-dist/tex/latex/hyperref/hyperref.sty
Package: hyperref 2017/03/14 v6.85a Hypertext links for LaTeX

(/usr/local/texlive/2017/texmf-dist/tex/generic/oberdiek/hobsub-hyperref.sty
Package: hobsub-hyperref 2016/05/16 v1.14 Bundle oberdiek, subset hyperref (HO)


(/usr/local/texlive/2017/texmf-dist/tex/generic/oberdiek/hobsub-generic.sty
Package: hobsub-generic 2016/05/16 v1.14 Bundle oberdiek, subset generic (HO)
Package: hobsub 2016/05/16 v1.14 Construct package bundles (HO)
Package hobsub Info: Skipping package `infwarerr' (already loaded).
Package hobsub Info: Skipping package `ltxcmds' (already loaded).
Package: ifluatex 2016/05/16 v1.4 Provides the ifluatex switch (HO)
Package ifluatex Info: LuaTeX not detected.
Package: ifvtex 2016/05/16 v1.6 Detect VTeX and its facilities (HO)
Package ifvtex Info: VTeX not detected.
Package: intcalc 2016/05/16 v1.2 Expandable calculations with integers (HO)
Package: ifpdf 2017/03/15 v3.2 Provides the ifpdf switch
Package: etexcmds 2016/05/16 v1.6 Avoid name clashes with e-TeX commands (HO)
Package etexcmds Info: Could not find \expanded.
(etexcmds)             That can mean that you are not using pdfTeX 1.50 or
(etexcmds)             that some package has redefined \expanded.
(etexcmds)             In the latter case, load this package earlier.
Package: kvsetkeys 2016/05/16 v1.17 Key value parser (HO)
Package: kvdefinekeys 2016/05/16 v1.4 Define keys (HO)
Package: pdftexcmds 2017/03/19 v0.25 Utility functions of pdfTeX for LuaTeX (HO
)
Package pdftexcmds Info: LuaTeX not detected.
Package pdftexcmds Info: \pdf@primitive is available.
Package pdftexcmds Info: \pdf@ifprimitive is available.
Package pdftexcmds Info: \pdfdraftmode found.
Package: pdfescape 2016/05/16 v1.14 Implements pdfTeX's escape features (HO)
Package: bigintcalc 2016/05/16 v1.4 Expandable calculations on big integers (HO
)
Package: bitset 2016/05/16 v1.2 Handle bit-vector datatype (HO)
Package: uniquecounter 2016/05/16 v1.3 Provide unlimited unique counter (HO)
)
Package hobsub Info: Skipping package `hobsub' (already loaded).
Package: letltxmacro 2016/05/16 v1.5 Let assignment for LaTeX macros (HO)
Package: hopatch 2016/05/16 v1.3 Wrapper for package hooks (HO)
Package: xcolor-patch 2016/05/16 xcolor patch
Package: atveryend 2016/05/16 v1.9 Hooks at the very end of document (HO)
Package atveryend Info: \enddocument detected (standard20110627).
Package: atbegshi 2016/06/09 v1.18 At begin shipout hook (HO)
Package: refcount 2016/05/16 v3.5 Data extraction from label references (HO)
Package: hycolor 2016/05/16 v1.8 Color options for hyperref/bookmark (HO)
)
(/usr/local/texlive/2017/texmf-dist/tex/generic/ifxetex/ifxetex.sty
Package: ifxetex 2010/09/12 v0.6 Provides ifxetex conditional
)
(/usr/local/texlive/2017/texmf-dist/tex/latex/oberdiek/auxhook.sty
Package: auxhook 2016/05/16 v1.4 Hooks for auxiliary files (HO)
)
(/usr/local/texlive/2017/texmf-dist/tex/latex/oberdiek/kvoptions.sty
Package: kvoptions 2016/05/16 v3.12 Key value format for package options (HO)
)
\@linkdim=\dimen137
\Hy@linkcounter=\count116
\Hy@pagecounter=\count117

(/usr/local/texlive/2017/texmf-dist/tex/latex/hyperref/pd1enc.def
File: pd1enc.def 2017/03/14 v6.85a Hyperref: PDFDocEncoding definition (HO)
)
\Hy@SavedSpaceFactor=\count118

(/usr/local/texlive/2017/texmf-dist/tex/latex/latexconfig/hyperref.cfg
File: hyperref.cfg 2002/06/06 v1.2 hyperref configuration of TeXLive
)
Package hyperref Info: Option `colorlinks' set `true' on input line 4374.
Package hyperref Info: Option `bookmarksopen' set `true' on input line 4374.
Package hyperref Info: Option `bookmarksnumbered' set `true' on input line 4374
.
Package hyperref Info: Hyper figures OFF on input line 4498.
Package hyperref Info: Link nesting OFF on input line 4503.
Package hyperref Info: Hyper index ON on input line 4506.
Package hyperref Info: Plain pages OFF on input line 4513.
Package hyperref Info: Backreferencing OFF on input line 4518.
Package hyperref Info: Implicit mode ON; LaTeX internals redefined.
Package hyperref Info: Bookmarks ON on input line 4751.
\c@Hy@tempcnt=\count119

(/usr/local/texlive/2017/texmf-dist/tex/latex/url/url.sty
\Urlmuskip=\muskip11
Package: url 2013/09/16  ver 3.4  Verb mode for urls, etc.
)
LaTeX Info: Redefining \url on input line 5104.
\XeTeXLinkMargin=\dimen138
\Fld@menulength=\count120
\Field@Width=\dimen139
\Fld@charsize=\dimen140
Package hyperref Info: Hyper figures OFF on input line 6358.
Package hyperref Info: Link nesting OFF on input line 6363.
Package hyperref Info: Hyper index ON on input line 6366.
Package hyperref Info: backreferencing OFF on input line 6373.
Package hyperref Info: Link coloring ON on input line 6376.
Package hyperref Info: Link coloring with OCG OFF on input line 6383.
Package hyperref Info: PDF/A mode OFF on input line 6388.
LaTeX Info: Redefining \ref on input line 6428.
LaTeX Info: Redefining \pageref on input line 6432.
\Hy@abspage=\count121
\c@Item=\count122
\c@Hfootnote=\count123
)

Package hyperref Message: Driver (autodetected): hpdftex.

(/usr/local/texlive/2017/texmf-dist/tex/latex/hyperref/hpdftex.def
File: hpdftex.def 2017/03/14 v6.85a Hyperref driver for pdfTeX
\Fld@listcount=\count124
\c@bookmark@seq@number=\count125

(/usr/local/texlive/2017/texmf-dist/tex/latex/oberdiek/rerunfilecheck.sty
Package: rerunfilecheck 2016/05/16 v1.8 Rerun checks for auxiliary files (HO)
Package uniquecounter Info: New unique counter `rerunfilecheck' on input line 2
82.
)
\Hy@SectionHShift=\skip54
)
(/usr/local/texlive/2017/texmf-dist/tex/latex/algorithm2e/algorithm2e.sty
Package: algorithm2e 2013/01/06 v5.00 algorithms environments
\c@AlgoLine=\count126
\algocf@hangindent=\skip55

(/usr/local/texlive/2017/texmf-dist/tex/latex/tools/xspace.sty
Package: xspace 2014/10/28 v1.13 Space after command names (DPC,MH)
)
(/usr/local/texlive/2017/texmf-dist/tex/latex/relsize/relsize.sty
Package: relsize 2013/03/29 ver 4.1
)
********************************************************
Package `algorithm2e' Release 5.1 -- october 19 2015 --
- algorithm2e-announce@lirmm.fr mailing list for announcement about releases
- algorithm2e-discussion@lirmm.fr mailing list for discussion about package
subscribe by emailing sympa@lirmm.fr with 'subscribe <list> <firstname name>'
- Author: Christophe Fiorio (christophe.fiorio@umontpellier.fr)
********************************************************
\skiptotal=\skip56
\skiplinenumber=\skip57
\skiprule=\skip58
\skiphlne=\skip59
\skiptext=\skip60
\skiplength=\skip61
\algomargin=\skip62
\skipalgocfslide=\skip63
\algowidth=\dimen141
\inoutsize=\dimen142
\inoutindent=\dimen143
\interspacetitleruled=\dimen144
\interspacealgoruled=\dimen145
\interspacetitleboxruled=\dimen146
\algocf@ruledwidth=\skip64
\algocf@inoutbox=\box30
\algocf@inputbox=\box31
\AlCapSkip=\skip65
\AlCapHSkip=\skip66
\algoskipindent=\skip67
\algocf@nlbox=\box32
\algocf@hangingbox=\box33
\algocf@untilbox=\box34
\algocf@skipuntil=\skip68
\algocf@capbox=\box35
\algoheightruledefault=\skip69
\algoheightrule=\skip70
\algotitleheightruledefault=\skip71
\algotitleheightrule=\skip72
\c@algocfline=\count127
\c@algocfproc=\count128
\c@algocf=\count129
\algocf@algoframe=\box36
\algocf@algobox=\box37
) (/usr/local/texlive/2017/texmf-dist/tex/latex/mathtools/mathtools.sty
Package: mathtools 2015/11/12 v1.18 mathematical typesetting tools

(/usr/local/texlive/2017/texmf-dist/tex/latex/mathtools/mhsetup.sty
Package: mhsetup 2010/01/21 v1.2a programming setup (MH)
)
LaTeX Info: Thecontrolsequence`\('isalreadyrobust on input line 129.
LaTeX Info: Thecontrolsequence`\)'isalreadyrobust on input line 129.
LaTeX Info: Thecontrolsequence`\['isalreadyrobust on input line 129.
LaTeX Info: Thecontrolsequence`\]'isalreadyrobust on input line 129.
\g_MT_multlinerow_int=\count130
\l_MT_multwidth_dim=\dimen147
\origjot=\skip73
\l_MT_shortvdotswithinadjustabove_dim=\dimen148
\l_MT_shortvdotswithinadjustbelow_dim=\dimen149
\l_MT_above_intertext_sep=\dimen150
\l_MT_below_intertext_sep=\dimen151
\l_MT_above_shortintertext_sep=\dimen152
\l_MT_below_shortintertext_sep=\dimen153
)
(/usr/local/texlive/2017/texmf-dist/tex/latex/fixme/fixme.sty
Package: fixme 2017/03/05 v4.4 Collaborative annotations for LaTeX2e

(/usr/local/texlive/2017/texmf-dist/tex/latex/xkeyval/xkeyval.sty
Package: xkeyval 2014/12/03 v2.7a package option processing (HA)

(/usr/local/texlive/2017/texmf-dist/tex/generic/xkeyval/xkeyval.tex
(/usr/local/texlive/2017/texmf-dist/tex/generic/xkeyval/xkvutils.tex
\XKV@toks=\toks30
\XKV@tempa@toks=\toks31
)
\XKV@depth=\count131
File: xkeyval.tex 2014/12/03 v2.7a key=value parser (HA)
))
\lox@file=\read2
\c@fixmecount=\count132
\c@fxnotecount=\count133
\c@fxwarningcount=\count134
\c@fxerrorcount=\count135
\c@fxfatalcount=\count136
)

Package amsthm Warning: Unknown theoremstyle `mytheoremstyle' on input line 27.


\c@theorem=\count137

Package amsthm Warning: Unknown theoremstyle `mytheoremstyle' on input line 30.


\c@corollary=\count138

Package amsthm Warning: Unknown theoremstyle `mytheoremstyle' on input line 33.


\c@lemma=\count139
\c@mydef=\count140
(/usr/local/texlive/2017/texmf-dist/tex/latex/subfigure/subfigure.sty
Package: subfigure 2002/03/15 v2.1.5 subfigure package
\subfigtopskip=\skip74
\subfigcapskip=\skip75
\subfigcaptopadj=\dimen154
\subfigbottomskip=\skip76
\subfigcapmargin=\dimen155
\subfiglabelskip=\skip77
\c@subfigure=\count141
\c@lofdepth=\count142
\c@subtable=\count143
\c@lotdepth=\count144

****************************************
* Local config file subfigure.cfg used *
****************************************
(/usr/local/texlive/2017/texmf-dist/tex/latex/subfigure/subfigure.cfg)
\subfig@top=\skip78
\subfig@bottom=\skip79
)
(/usr/local/texlive/2017/texmf-dist/tex/latex/adjustbox/adjustbox.sty
Package: adjustbox 2012/05/21 v1.0 Adjusting TeX boxes (trim, clip, ...)

(/usr/local/texlive/2017/texmf-dist/tex/latex/adjustbox/adjcalc.sty
Package: adjcalc 2012/05/16 v1.1 Provides advanced setlength with multiple back
-ends (calc, etex, pgfmath)
)
(/usr/local/texlive/2017/texmf-dist/tex/latex/adjustbox/trimclip.sty
Package: trimclip 2012/05/16 v1.0 Trim and clip general TeX material

(/usr/local/texlive/2017/texmf-dist/tex/latex/collectbox/collectbox.sty
Package: collectbox 2012/05/17 v0.4b Collect macro arguments as boxes
\collectedbox=\box38
)
\tc@llx=\dimen156
\tc@lly=\dimen157
\tc@urx=\dimen158
\tc@ury=\dimen159
Package trimclip Info: Using driver 'tc-pdftex.def'.

(/usr/local/texlive/2017/texmf-dist/tex/latex/adjustbox/tc-pdftex.def
File: tc-pdftex.def 2012/05/13 v1.0 Clipping driver for pdftex
))
\adjbox@Width=\dimen160
\adjbox@Height=\dimen161
\adjbox@Depth=\dimen162
\adjbox@Totalheight=\dimen163

(/usr/local/texlive/2017/texmf-dist/tex/latex/ifoddpage/ifoddpage.sty
Package: ifoddpage 2016/04/23 v1.1 Conditionals for odd/even page detection
\c@checkoddpage=\count145
)
(/usr/local/texlive/2017/texmf-dist/tex/latex/varwidth/varwidth.sty
Package: varwidth 2009/03/30 ver 0.92;  Variable-width minipages
\@vwid@box=\box39
\sift@deathcycles=\count146
\@vwid@loff=\dimen164
\@vwid@roff=\dimen165
))
(/usr/local/texlive/2017/texmf-dist/tex/latex/multirow/multirow.sty
Package: multirow 2016/11/25 v2.2 Span multiple rows of a table
\multirow@colwidth=\skip80
\multirow@cntb=\count147
\multirow@dima=\skip81
\bigstrutjot=\dimen166
)
(/usr/local/texlive/2017/texmf-dist/tex/latex/enumitem/enumitem.sty
Package: enumitem 2011/09/28 v3.5.2 Customized lists
\labelindent=\skip82
\enit@outerparindent=\dimen167
\enit@toks=\toks32
\enit@inbox=\box40
\enitdp@description=\count148
)
(/usr/local/texlive/2017/texmf-dist/tex/latex/lipsum/lipsum.sty
Package: lipsum 2014/07/27 v1.3 150 paragraphs of Lorem Ipsum dummy text
\c@lips@count=\count149
)
(/usr/local/texlive/2017/texmf-dist/tex/latex/threeparttablex/threeparttablex.s
ty
Package: threeparttablex 2013/07/23 v0.3 by daleif

(/usr/local/texlive/2017/texmf-dist/tex/latex/threeparttable/threeparttable.sty
Package: threeparttable 2003/06/13  v 3.0
\@tempboxb=\box41
) (/usr/local/texlive/2017/texmf-dist/tex/latex/environ/environ.sty
Package: environ 2014/05/04 v0.3 A new way to define environments

(/usr/local/texlive/2017/texmf-dist/tex/latex/trimspaces/trimspaces.sty
Package: trimspaces 2009/09/17 v1.1 Trim spaces around a token list
))
\TPTL@width=\skip83
)
\c@tablenotesi=\count150
\enitdp@tablenotes=\count151

(/usr/local/texlive/2017/texmf-dist/tex/latex/sidecap/sidecap.sty
Package: sidecap 2003/06/06 v1.6f SideCap Package (RN/HjG)
\SC@BOXWD=\dimen168
\SC@CAPWD=\dimen169
\SC@tempdima=\dimen170
\SC@tempdimb=\dimen171
\c@SC@C=\count152
\SC@BOX=\box42
)
(/usr/local/texlive/2017/texmf-dist/tex/latex/kantlipsum/kantlipsum.sty
(/usr/local/texlive/2017/texmf-dist/tex/latex/l3kernel/expl3.sty
Package: expl3 2017/05/13 L3 programming layer (loader) 

(/usr/local/texlive/2017/texmf-dist/tex/latex/l3kernel/expl3-code.tex
Package: expl3 2017/05/13 L3 programming layer (code)
\c_max_int=\count153
\l_tmpa_int=\count154
\l_tmpb_int=\count155
\g_tmpa_int=\count156
\g_tmpb_int=\count157
\g__prg_map_int=\count158
\c_log_iow=\count159
\l_iow_line_count_int=\count160
\l__iow_line_target_int=\count161
\l__iow_one_indent_int=\count162
\l__iow_indent_int=\count163
\c_zero_dim=\dimen172
\c_max_dim=\dimen173
\l_tmpa_dim=\dimen174
\l_tmpb_dim=\dimen175
\g_tmpa_dim=\dimen176
\g_tmpb_dim=\dimen177
\c_zero_skip=\skip84
\c_max_skip=\skip85
\l_tmpa_skip=\skip86
\l_tmpb_skip=\skip87
\g_tmpa_skip=\skip88
\g_tmpb_skip=\skip89
\c_zero_muskip=\muskip12
\c_max_muskip=\muskip13
\l_tmpa_muskip=\muskip14
\l_tmpb_muskip=\muskip15
\g_tmpa_muskip=\muskip16
\g_tmpb_muskip=\muskip17
\l_keys_choice_int=\count164
\c__fp_leading_shift_int=\count165
\c__fp_middle_shift_int=\count166
\c__fp_trailing_shift_int=\count167
\c__fp_big_leading_shift_int=\count168
\c__fp_big_middle_shift_int=\count169
\c__fp_big_trailing_shift_int=\count170
\c__fp_Bigg_leading_shift_int=\count171
\c__fp_Bigg_middle_shift_int=\count172
\c__fp_Bigg_trailing_shift_int=\count173
\c__fp_rand_size_int=\count174
\c__fp_rand_four_int=\count175
\c__fp_rand_eight_int=\count176
\l__sort_length_int=\count177
\l__sort_min_int=\count178
\l__sort_top_int=\count179
\l__sort_max_int=\count180
\l__sort_true_max_int=\count181
\l__sort_block_int=\count182
\l__sort_begin_int=\count183
\l__sort_end_int=\count184
\l__sort_A_int=\count185
\l__sort_B_int=\count186
\l__sort_C_int=\count187
\c_empty_box=\box43
\l_tmpa_box=\box44
\l_tmpb_box=\box45
\g_tmpa_box=\box46
\g_tmpb_box=\box47
\l__box_top_dim=\dimen178
\l__box_bottom_dim=\dimen179
\l__box_left_dim=\dimen180
\l__box_right_dim=\dimen181
\l__box_top_new_dim=\dimen182
\l__box_bottom_new_dim=\dimen183
\l__box_left_new_dim=\dimen184
\l__box_right_new_dim=\dimen185
\l__box_internal_box=\box48
\l__coffin_internal_box=\box49
\l__coffin_internal_dim=\dimen186
\l__coffin_offset_x_dim=\dimen187
\l__coffin_offset_y_dim=\dimen188
\l__coffin_x_dim=\dimen189
\l__coffin_y_dim=\dimen190
\l__coffin_x_prime_dim=\dimen191
\l__coffin_y_prime_dim=\dimen192
\c_empty_coffin=\box50
\l__coffin_aligned_coffin=\box51
\l__coffin_aligned_internal_coffin=\box52
\l_tmpa_coffin=\box53
\l_tmpb_coffin=\box54
\l__coffin_display_coffin=\box55
\l__coffin_display_coord_coffin=\box56
\l__coffin_display_pole_coffin=\box57
\l__coffin_display_offset_dim=\dimen193
\l__coffin_display_x_dim=\dimen194
\l__coffin_display_y_dim=\dimen195
\l__coffin_bounding_shift_dim=\dimen196
\l__coffin_left_corner_dim=\dimen197
\l__coffin_right_corner_dim=\dimen198
\l__coffin_bottom_corner_dim=\dimen199
\l__coffin_top_corner_dim=\dimen256
\l__coffin_scaled_total_height_dim=\dimen257
\l__coffin_scaled_width_dim=\dimen258
)
(/usr/local/texlive/2017/texmf-dist/tex/latex/l3kernel/l3pdfmode.def
File: l3pdfmode.def 2017/03/18 v L3 Experimental driver: PDF mode
\l__driver_color_stack_int=\count188
\l__driver_tmp_box=\box58
))
Package: kantlipsum 2012/10/14 v0.6 Dummy text in Kantian style

(/usr/local/texlive/2017/texmf-dist/tex/latex/l3packages/xparse/xparse.sty
Package: xparse 2017/05/13 L3 Experimental document command parser
\l__xparse_current_arg_int=\count189
\g__xparse_grabber_int=\count190
\l__xparse_m_args_int=\count191
\l__xparse_mandatory_args_int=\count192
\l__xparse_v_nesting_int=\count193
)
\l_kgl_start_int=\count194
\l_kgl_end_int=\count195
.................................................
. LaTeX info: "xparse/define-command"
. 
. Defining command \kant with sig. 's>{\SplitArgument {1}{-}}O{1-7}' on line
. 86.
.................................................
.................................................
. LaTeX info: "xparse/define-command"
. 
. Defining command \kantdef with sig. 'mm' on line 101.
.................................................
.................................................
. kantlipsum info: "how-many"
. 
. The package provides paragraphs 1 to 164. Values outside this range will be
. ignored.
.................................................
)
(/usr/local/texlive/2017/texmf-dist/tex/latex/mwe/mwe.sty
Package: mwe 2012/05/15 v0.3 Package to support minimal working examples (MWE)

(/usr/local/texlive/2017/texmf-dist/tex/latex/blindtext/blindtext.sty
Package: blindtext 2012/01/06 V2.0 blindtext-Package
\c@blindtext=\count196
\c@Blindtext=\count197
\c@blind@countparstart=\count198
\blind@countxx=\count199
\blindtext@numBlindtext=\count266
\blind@countyy=\count267
\c@blindlist=\count268
\c@blindlistlevel=\count269
\c@blindlist@level=\count270
\blind@listitem=\count271
\c@blind@listcount=\count272
\c@blind@levelcount=\count273
\blind@mathformula=\count274
\blind@Mathformula=\count275
\c@blind@randomcount=\count276
\c@blind@randommax=\count277
\c@blind@pangramcount=\count278
\c@blind@pangrammax=\count279
))
(/usr/local/texlive/2017/texmf-dist/tex/latex/tools/multicol.sty
Package: multicol 2017/04/11 v1.8q multicolumn formatting (FMi)
\c@tracingmulticols=\count280
\mult@box=\box59
\multicol@leftmargin=\dimen259
\c@unbalance=\count281
\c@collectmore=\count282
\doublecol@number=\count283
\multicoltolerance=\count284
\multicolpretolerance=\count285
\full@width=\dimen260
\page@free=\dimen261
\premulticols=\dimen262
\postmulticols=\dimen263
\multicolsep=\skip90
\multicolbaselineskip=\skip91
\partial@page=\box60
\last@line=\box61
\maxbalancingoverflow=\dimen264
\mult@rightbox=\box62
\mult@grightbox=\box63
\mult@gfirstbox=\box64
\mult@firstbox=\box65
\@tempa=\box66
\@tempa=\box67
\@tempa=\box68
\@tempa=\box69
\@tempa=\box70
\@tempa=\box71
\@tempa=\box72
\@tempa=\box73
\@tempa=\box74
\@tempa=\box75
\@tempa=\box76
\@tempa=\box77
\@tempa=\box78
\@tempa=\box79
\@tempa=\box80
\@tempa=\box81
\@tempa=\box82
\c@columnbadness=\count286
\c@finalcolumnbadness=\count287
\last@try=\dimen265
\multicolovershoot=\dimen266
\multicolundershoot=\dimen267
\mult@nat@firstbox=\box83
\colbreak@box=\box84
\mc@col@check@num=\count288
)
(/usr/local/texlive/2017/texmf-dist/tex/latex/fancyhdr/fancyhdr.sty
Package: fancyhdr 2016/09/06 3.8 Extensive control of page headers and footers
\fancy@headwidth=\skip92
\f@ncyO@elh=\skip93
\f@ncyO@erh=\skip94
\f@ncyO@olh=\skip95
\f@ncyO@orh=\skip96
\f@ncyO@elf=\skip97
\f@ncyO@erf=\skip98
\f@ncyO@olf=\skip99
\f@ncyO@orf=\skip100
)
(/usr/local/texlive/2017/texmf-dist/tex/latex/graphics/lscape.sty
Package: lscape 2000/10/22 v3.01 Landscape Pages (DPC)
)
(/usr/local/texlive/2017/texmf-dist/tex/latex/csquotes/csquotes.sty
Package: csquotes 2017/03/11 v5.2b context-sensitive quotations (JAW)

(/usr/local/texlive/2017/texmf-dist/tex/latex/etoolbox/etoolbox.sty
Package: etoolbox 2017/01/02 v2.4 e-TeX tools for LaTeX (JAW)
\etb@tempcnta=\count289
)
\csq@reset=\count290
\csq@gtype=\count291
\csq@glevel=\count292
\csq@qlevel=\count293
\csq@maxlvl=\count294
\csq@tshold=\count295
\csq@ltx@everypar=\toks33

(/usr/local/texlive/2017/texmf-dist/tex/latex/csquotes/csquotes.def
File: csquotes.def 2017/03/11 v5.2b csquotes generic definitions (JAW)
)
Package csquotes Info: Trying to load configuration file 'csquotes.cfg'...
Package csquotes Info: ... configuration file loaded successfully.

(/usr/local/texlive/2017/texmf-dist/tex/latex/csquotes/csquotes.cfg
File: csquotes.cfg 
)
Package csquotes Info: Enabling multilingual quotes.
)
(/usr/local/texlive/2017/texmf-dist/tex/latex/tools/bm.sty
Package: bm 2017/01/16 v1.2c Bold Symbol Support (DPC/FMi)
\symboldoperators=\mathgroup7
\symboldletters=\mathgroup8
\symboldsymbols=\mathgroup9
\symboldlasy=\mathgroup10
LaTeX Font Info:    Redeclaring math alphabet \mathbf on input line 141.
LaTeX Info: Redefining \bm on input line 207.
)
(/usr/local/texlive/2017/texmf-dist/tex/latex/tools/array.sty
Package: array 2016/10/06 v2.4d Tabular extension package (FMi)
\col@sep=\dimen268
\extrarowheight=\dimen269
\NC@list=\toks34
\extratabsurround=\skip101
\backup@length=\skip102
)
(/usr/local/texlive/2017/texmf-dist/tex/latex/tools/tabularx.sty
Package: tabularx 2016/02/03 v2.11 `tabularx' package (DPC)
\TX@col@width=\dimen270
\TX@old@table=\dimen271
\TX@old@col=\dimen272
\TX@target=\dimen273
\TX@delta=\dimen274
\TX@cols=\count296
\TX@ftn=\toks35
)
(/usr/local/texlive/2017/texmf-dist/tex/latex/colortbl/colortbl.sty
Package: colortbl 2012/02/13 v1.0a Color table columns (DPC)
\everycr=\toks36
\minrowclearance=\skip103
)
(/usr/local/texlive/2017/texmf-dist/tex/latex/tools/hhline.sty
Package: hhline 2014/10/28 v2.03 Table rule package (DPC)
)
(/usr/local/texlive/2017/texmf-dist/tex/latex/float/float.sty
Package: float 2001/11/08 v1.3d Float enhancements (AL)
\c@float@type=\count297
\float@exts=\toks37
\float@box=\box85
\@float@everytoks=\toks38
\@floatcapt=\box86
)
Package csquotes Info: Checking for multilingual support...
Package csquotes Info: ... none found.


Package csquotes Warning: No multilingual support.
(csquotes)                Cannot enable multilingual quotes on input line 95.

(./ettdoc_JG.aux)
\openout1 = `ettdoc_JG.aux'.

LaTeX Font Info:    Checking defaults for OML/cmm/m/it on input line 95.
LaTeX Font Info:    ... okay on input line 95.
LaTeX Font Info:    Checking defaults for T1/cmr/m/n on input line 95.
LaTeX Font Info:    ... okay on input line 95.
LaTeX Font Info:    Checking defaults for OT1/cmr/m/n on input line 95.
LaTeX Font Info:    ... okay on input line 95.
LaTeX Font Info:    Checking defaults for OMS/cmsy/m/n on input line 95.
LaTeX Font Info:    ... okay on input line 95.
LaTeX Font Info:    Checking defaults for OMX/cmex/m/n on input line 95.
LaTeX Font Info:    ... okay on input line 95.
LaTeX Font Info:    Checking defaults for U/cmr/m/n on input line 95.
LaTeX Font Info:    ... okay on input line 95.
LaTeX Font Info:    Checking defaults for PD1/pdf/m/n on input line 95.
LaTeX Font Info:    ... okay on input line 95.
LaTeX Font Info:    Try loading font information for OT1+ptm on input line 95.

(/usr/local/texlive/2017/texmf-dist/tex/latex/psnfss/ot1ptm.fd
File: ot1ptm.fd 2001/06/04 font definitions for OT1/ptm.
)
(/usr/local/texlive/2017/texmf-dist/tex/context/base/mkii/supp-pdf.mkii
[Loading MPS to PDF converter (version 2006.09.02).]
\scratchcounter=\count298
\scratchdimen=\dimen275
\scratchbox=\box87
\nofMPsegments=\count299
\nofMParguments=\count300
\everyMPshowfont=\toks39
\MPscratchCnt=\count301
\MPscratchDim=\dimen276
\MPnumerator=\count302
\makeMPintoPDFobject=\count303
\everyMPtoPDFconversion=\toks40
) (/usr/local/texlive/2017/texmf-dist/tex/latex/oberdiek/epstopdf-base.sty
Package: epstopdf-base 2016/05/15 v2.6 Base part for package epstopdf

(/usr/local/texlive/2017/texmf-dist/tex/latex/oberdiek/grfext.sty
Package: grfext 2016/05/16 v1.2 Manage graphics extensions (HO)
)
Package epstopdf-base Info: Redefining graphics rule for `.eps' on input line 4
38.
Package grfext Info: Graphics extension search list:
(grfext)             [.pdf,.png,.jpg,.mps,.jpeg,.jbig2,.jb2,.PNG,.PDF,.JPG,.JPE
G,.JBIG2,.JB2,.eps]
(grfext)             \AppendGraphicsExtensions on input line 456.

(/usr/local/texlive/2017/texmf-dist/tex/latex/latexconfig/epstopdf-sys.cfg
File: epstopdf-sys.cfg 2010/07/13 v1.3 Configuration of (r)epstopdf for TeX Liv
e
))
Package caption Info: Begin \AtBeginDocument code.
Package caption Info: float package is loaded.
Package caption Info: hyperref package is loaded.
Package caption Info: sidecap package is loaded.
Package caption Info: subfigure package is loaded.
Package caption Info: threeparttable package is loaded.
Package caption Info: End \AtBeginDocument code.
\AtBeginShipoutBox=\box88
Package hyperref Info: Link coloring ON on input line 95.

(/usr/local/texlive/2017/texmf-dist/tex/latex/hyperref/nameref.sty
Package: nameref 2016/05/21 v2.44 Cross-referencing by name of section

(/usr/local/texlive/2017/texmf-dist/tex/generic/oberdiek/gettitlestring.sty
Package: gettitlestring 2016/05/16 v1.5 Cleanup title references (HO)
)
\c@section@level=\count304
)
LaTeX Info: Redefining \ref on input line 95.
LaTeX Info: Redefining \pageref on input line 95.
LaTeX Info: Redefining \nameref on input line 95.

(./ettdoc_JG.out) (./ettdoc_JG.out)
\@outlinefile=\write3
\openout3 = `ettdoc_JG.out'.


(/usr/local/texlive/2017/texmf-dist/tex/latex/ms/ragged2e.sty
Package: ragged2e 2009/05/21 v2.1 ragged2e Package (MS)

(/usr/local/texlive/2017/texmf-dist/tex/latex/ms/everysel.sty
Package: everysel 2011/10/28 v1.2 EverySelectfont Package (MS)

ABD: EverySelectfont initializing macros
LaTeX Info: Redefining \selectfont on input line 126.
)
\CenteringLeftskip=\skip104
\RaggedLeftLeftskip=\skip105
\RaggedRightLeftskip=\skip106
\CenteringRightskip=\skip107
\RaggedLeftRightskip=\skip108
\RaggedRightRightskip=\skip109
\CenteringParfillskip=\skip110
\RaggedLeftParfillskip=\skip111
\RaggedRightParfillskip=\skip112
\JustifyingParfillskip=\skip113
\CenteringParindent=\skip114
\RaggedLeftParindent=\skip115
\RaggedRightParindent=\skip116
\JustifyingParindent=\skip117
)
LaTeX Font Info:    Try loading font information for OT1+phv on input line 125.


(/usr/local/texlive/2017/texmf-dist/tex/latex/psnfss/ot1phv.fd
File: ot1phv.fd 2001/06/04 scalable font definitions for OT1/phv.
)
LaTeX Font Info:    Font shape `OT1/phv/bx/n' in size <9> not available
(Font)              Font shape `OT1/phv/b/n' tried instead on input line 125.
LaTeX Font Info:    Font shape `OT1/phv/bx/n' in size <11.5> not available
(Font)              Font shape `OT1/phv/b/n' tried instead on input line 125.
LaTeX Font Info:    Try loading font information for OMS+ptm on input line 137.


(/usr/local/texlive/2017/texmf-dist/tex/latex/psnfss/omsptm.fd
File: omsptm.fd 
)
LaTeX Font Info:    Font shape `OMS/ptm/m/n' in size <9> not available
(Font)              Font shape `OMS/cmsy/m/n' tried instead on input line 137.
LaTeX Font Info:    Try loading font information for U+lasy on input line 137.

(/usr/local/texlive/2017/texmf-dist/tex/latex/base/ulasy.fd
File: ulasy.fd 1998/08/17 v2.2e LaTeX symbol font definitions
)
LaTeX Font Info:    Try loading font information for U+msa on input line 137.

(/usr/local/texlive/2017/texmf-dist/tex/latex/amsfonts/umsa.fd
File: umsa.fd 2013/01/14 v3.01 AMS symbols A
)
LaTeX Font Info:    Try loading font information for U+msb on input line 137.

(/usr/local/texlive/2017/texmf-dist/tex/latex/amsfonts/umsb.fd
File: umsb.fd 2013/01/14 v3.01 AMS symbols B
)
LaTeX Font Info:    Font shape `U/lasy/b/n' in size <9> not available
(Font)              Font shape `U/lasy/m/n' tried instead on input line 137.
LaTeX Font Info:    Font shape `U/lasy/b/n' in size <6> not available
(Font)              Font shape `U/lasy/m/n' tried instead on input line 137.
LaTeX Font Info:    Font shape `U/lasy/b/n' in size <5> not available
(Font)              Font shape `U/lasy/m/n' tried instead on input line 137.
LaTeX Font Info:    Font shape `OT1/phv/bx/n' in size <15> not available
(Font)              Font shape `OT1/phv/b/n' tried instead on input line 142.
LaTeX Font Info:    Font shape `U/lasy/b/n' in size <7> not available
(Font)              Font shape `U/lasy/m/n' tried instead on input line 142.
LaTeX Font Info:    Font shape `OMS/ptm/m/n' in size <7> not available
(Font)              Font shape `OMS/cmsy/m/n' tried instead on input line 142.
LaTeX Font Info:    Calculating math sizes for size <7.5> on input line 142.
LaTeX Font Warning: Font shape `OT1/cmr/m/n' in size <7.5> not available
(Font)              size <7> substituted on input line 142.
LaTeX Font Warning: Font shape `OT1/cmr/m/n' in size <5.24997> not available
(Font)              size <5> substituted on input line 142.
LaTeX Font Warning: Font shape `OT1/cmr/m/n' in size <3.75> not available
(Font)              size <5> substituted on input line 142.
LaTeX Font Warning: Font shape `OML/cmm/m/it' in size <7.5> not available
(Font)              size <7> substituted on input line 142.
LaTeX Font Warning: Font shape `OML/cmm/m/it' in size <5.24997> not available
(Font)              size <5> substituted on input line 142.
LaTeX Font Warning: Font shape `OML/cmm/m/it' in size <3.75> not available
(Font)              size <5> substituted on input line 142.
LaTeX Font Warning: Font shape `OMS/cmsy/m/n' in size <7.5> not available
(Font)              size <7> substituted on input line 142.
LaTeX Font Warning: Font shape `OMS/cmsy/m/n' in size <5.24997> not available
(Font)              size <5> substituted on input line 142.
LaTeX Font Warning: Font shape `OMS/cmsy/m/n' in size <3.75> not available
(Font)              size <5> substituted on input line 142.
LaTeX Font Warning: Font shape `U/lasy/m/n' in size <7.5> not available
(Font)              size <7> substituted on input line 142.
LaTeX Font Warning: Font shape `U/lasy/m/n' in size <5.24997> not available
(Font)              size <5> substituted on input line 142.
LaTeX Font Warning: Font shape `U/lasy/m/n' in size <3.75> not available
(Font)              size <5> substituted on input line 142.
LaTeX Font Warning: Font shape `OT1/cmr/bx/n' in size <7.5> not available
(Font)              size <7> substituted on input line 142.
LaTeX Font Warning: Font shape `OT1/cmr/bx/n' in size <5.24997> not available
(Font)              size <5> substituted on input line 142.
LaTeX Font Warning: Font shape `OT1/cmr/bx/n' in size <3.75> not available
(Font)              size <5> substituted on input line 142.
LaTeX Font Warning: Font shape `OML/cmm/b/it' in size <7.5> not available
(Font)              size <7> substituted on input line 142.
LaTeX Font Warning: Font shape `OML/cmm/b/it' in size <5.24997> not available
(Font)              size <5> substituted on input line 142.
LaTeX Font Warning: Font shape `OML/cmm/b/it' in size <3.75> not available
(Font)              size <5> substituted on input line 142.
LaTeX Font Warning: Font shape `OMS/cmsy/b/n' in size <7.5> not available
(Font)              size <7> substituted on input line 142.
LaTeX Font Warning: Font shape `OMS/cmsy/b/n' in size <5.24997> not available
(Font)              size <5> substituted on input line 142.
LaTeX Font Warning: Font shape `OMS/cmsy/b/n' in size <3.75> not available
(Font)              size <5> substituted on input line 142.
LaTeX Font Info:    Font shape `U/lasy/b/n' in size <7.5> not available
(Font)              Font shape `U/lasy/m/n' tried instead on input line 142.
LaTeX Font Warning: Font shape `U/lasy/m/n' in size <7.5> not available
(Font)              size <7> substituted on input line 142.
LaTeX Font Info:    Font shape `U/lasy/b/n' in size <5.24997> not available
(Font)              Font shape `U/lasy/m/n' tried instead on input line 142.
LaTeX Font Warning: Font shape `U/lasy/m/n' in size <5.24997> not available
(Font)              size <5> substituted on input line 142.
LaTeX Font Info:    Font shape `U/lasy/b/n' in size <3.75> not available
(Font)              Font shape `U/lasy/m/n' tried instead on input line 142.
LaTeX Font Warning: Font shape `U/lasy/m/n' in size <3.75> not available
(Font)              size <5> substituted on input line 142.
LaTeX Font Info:    Font shape `OT1/phv/bx/n' in size <7.5> not available
(Font)              Font shape `OT1/phv/b/n' tried instead on input line 142.
LaTeX Font Info:    Font shape `OMS/ptm/m/n' in size <5.24997> not available
(Font)              Font shape `OMS/cmsy/m/n' tried instead on input line 142.
LaTeX Font Warning: Font shape `OMS/cmsy/m/n' in size <5.24997> not available
(Font)              size <5> substituted on input line 142.
LaTeX Font Info:    Font shape `OT1/phv/bx/n' in size <10.95> not available
(Font)              Font shape `OT1/phv/b/n' tried instead on input line 146.
LaTeX Font Info:    Font shape `OMS/ptm/m/n' in size <6> not available
(Font)              Font shape `OMS/cmsy/m/n' tried instead on input line 151.
LaTeX Font Info:    Calculating math sizes for size <6.5> on input line 151.
LaTeX Font Warning: Font shape `OT1/cmr/m/n' in size <6.5> not available
(Font)              size <6> substituted on input line 151.
LaTeX Font Warning: Font shape `OT1/cmr/m/n' in size <4.54997> not available
(Font)              size <5> substituted on input line 151.
LaTeX Font Warning: Font shape `OT1/cmr/m/n' in size <3.25> not available
(Font)              size <5> substituted on input line 151.
LaTeX Font Warning: Font shape `OML/cmm/m/it' in size <6.5> not available
(Font)              size <6> substituted on input line 151.
LaTeX Font Warning: Font shape `OML/cmm/m/it' in size <4.54997> not available
(Font)              size <5> substituted on input line 151.
LaTeX Font Warning: Font shape `OML/cmm/m/it' in size <3.25> not available
(Font)              size <5> substituted on input line 151.
LaTeX Font Warning: Font shape `OMS/cmsy/m/n' in size <6.5> not available
(Font)              size <6> substituted on input line 151.
LaTeX Font Warning: Font shape `OMS/cmsy/m/n' in size <4.54997> not available
(Font)              size <5> substituted on input line 151.
LaTeX Font Warning: Font shape `OMS/cmsy/m/n' in size <3.25> not available
(Font)              size <5> substituted on input line 151.
LaTeX Font Warning: Font shape `U/lasy/m/n' in size <6.5> not available
(Font)              size <6> substituted on input line 151.
LaTeX Font Warning: Font shape `U/lasy/m/n' in size <4.54997> not available
(Font)              size <5> substituted on input line 151.
LaTeX Font Warning: Font shape `U/lasy/m/n' in size <3.25> not available
(Font)              size <5> substituted on input line 151.
LaTeX Font Warning: Font shape `OT1/cmr/bx/n' in size <6.5> not available
(Font)              size <6> substituted on input line 151.
LaTeX Font Warning: Font shape `OT1/cmr/bx/n' in size <4.54997> not available
(Font)              size <5> substituted on input line 151.
LaTeX Font Warning: Font shape `OT1/cmr/bx/n' in size <3.25> not available
(Font)              size <5> substituted on input line 151.
LaTeX Font Warning: Font shape `OML/cmm/b/it' in size <6.5> not available
(Font)              size <6> substituted on input line 151.
LaTeX Font Warning: Font shape `OML/cmm/b/it' in size <4.54997> not available
(Font)              size <5> substituted on input line 151.
LaTeX Font Warning: Font shape `OML/cmm/b/it' in size <3.25> not available
(Font)              size <5> substituted on input line 151.
LaTeX Font Warning: Font shape `OMS/cmsy/b/n' in size <6.5> not available
(Font)              size <6> substituted on input line 151.
LaTeX Font Warning: Font shape `OMS/cmsy/b/n' in size <4.54997> not available
(Font)              size <5> substituted on input line 151.
LaTeX Font Warning: Font shape `OMS/cmsy/b/n' in size <3.25> not available
(Font)              size <5> substituted on input line 151.
LaTeX Font Info:    Font shape `U/lasy/b/n' in size <6.5> not available
(Font)              Font shape `U/lasy/m/n' tried instead on input line 151.
LaTeX Font Warning: Font shape `U/lasy/m/n' in size <6.5> not available
(Font)              size <6> substituted on input line 151.
LaTeX Font Info:    Font shape `U/lasy/b/n' in size <4.54997> not available
(Font)              Font shape `U/lasy/m/n' tried instead on input line 151.
LaTeX Font Warning: Font shape `U/lasy/m/n' in size <4.54997> not available
(Font)              size <5> substituted on input line 151.
LaTeX Font Info:    Font shape `U/lasy/b/n' in size <3.25> not available
(Font)              Font shape `U/lasy/m/n' tried instead on input line 151.
LaTeX Font Warning: Font shape `U/lasy/m/n' in size <3.25> not available
(Font)              size <5> substituted on input line 151.

Underfull \vbox (badness 10000) has occurred while \output is active []

LaTeX Font Info:    Font shape `OT1/phv/m/it' in size <7.5> not available
(Font)              Font shape `OT1/phv/m/sl' tried instead on input line 173.
LaTeX Font Info:    Try loading font information for OMS+phv on input line 173.


(/usr/local/texlive/2017/texmf-dist/tex/latex/psnfss/omsphv.fd
File: omsphv.fd 
)
LaTeX Font Info:    Font shape `OMS/phv/m/n' in size <6.5> not available
(Font)              Font shape `OMS/cmsy/m/n' tried instead on input line 173.
LaTeX Font Warning: Font shape `OMS/cmsy/m/n' in size <6.5> not available
(Font)              size <6> substituted on input line 173.
LaTeX Font Info:    Font shape `OT1/phv/bx/n' in size <8> not available
(Font)              Font shape `OT1/phv/b/n' tried instead on input line 173.
LaTeX Font Info:    Font shape `OT1/phv/m/it' in size <6.5> not available
(Font)              Font shape `OT1/phv/m/sl' tried instead on input line 173.
 [1{/usr/local/texlive/2017/texmf-var/fonts/map/pdftex/updmap/pdftex.map}


Non-PDF special ignored!


]
Underfull \vbox (badness 10000) has occurred while \output is active []

LaTeX Font Info:    Font shape `OT1/phv/bx/n' in size <6.5> not available
(Font)              Font shape `OT1/phv/b/n' tried instead on input line 248.
 [2]
Overfull \hbox (23.98322pt too wide) in paragraph at lines 271--303
 [][] 
 []


LaTeX Warning: `!h' float specifier changed to `!ht'.

LaTeX Font Info:    Font shape `OT1/ptm/bx/n' in size <9> not available
(Font)              Font shape `OT1/ptm/b/n' tried instead on input line 325.
[3]
Underfull \vbox (badness 10000) has occurred while \output is active []



Package amsmath Warning: Foreign command \atopwithdelims;
(amsmath)                \frac or \genfrac should be used instead
(amsmath)                 on input line 424.

<../figures/04_clutering/flow_chart.pdf, id=198, 442.65375pt x 344.28625pt>
File: ../figures/04_clutering/flow_chart.pdf Graphic file (type pdf)

<use ../figures/04_clutering/flow_chart.pdf>
Package pdftex.def Info: ../figures/04_clutering/flow_chart.pdf used on input l
ine 434.
(pdftex.def)             Requested size: 188.99872pt x 147.00003pt.
 [4 <../figures/04_clutering/flow_chart.pdf>]
<../figures/04_clutering/figure1.pdf, id=305, 298.11375pt x 173.64874pt>
File: ../figures/04_clutering/figure1.pdf Graphic file (type pdf)

<use ../figures/04_clutering/figure1.pdf>
Package pdftex.def Info: ../figures/04_clutering/figure1.pdf used on input line
 467.
(pdftex.def)             Requested size: 146.99936pt x 85.6265pt.

Underfull \hbox (badness 10000) in paragraph at lines 460--472
\OML/cmm/m/it/9 K[] \OT1/cmr/m/n/9 = \OMS/cmsy/m/n/9 f\OT1/cmr/m/n/9 1\OML/cmm/
m/it/9 ; \OT1/cmr/m/n/9 2\OML/cmm/m/it/9 ; \OT1/cmr/m/n/9 3\OML/cmm/m/it/9 ; \O
T1/cmr/m/n/9 4\OML/cmm/m/it/9 ; \OT1/cmr/m/n/9 8\OMS/cmsy/m/n/9 g\OML/cmm/m/it/
9 ; K[] \OT1/cmr/m/n/9 = \OMS/cmsy/m/n/9 f\OT1/cmr/m/n/9 1\OML/cmm/m/it/9 ; \OT
1/cmr/m/n/9 2\OML/cmm/m/it/9 ; \OT1/cmr/m/n/9 5\OML/cmm/m/it/9 ; \OT1/cmr/m/n/9
 8\OMS/cmsy/m/n/9 g$\OT1/ptm/m/n/9 . Each node's
 []

[5 <../figures/04_clutering/figure1.pdf>]
<../figures/04_clutering/figure2.pdf, id=339, 298.11375pt x 193.72375pt>
File: ../figures/04_clutering/figure2.pdf Graphic file (type pdf)

<use ../figures/04_clutering/figure2.pdf>
Package pdftex.def Info: ../figures/04_clutering/figure2.pdf used on input line
 535.
(pdftex.def)             Requested size: 105.0pt x 68.23294pt.
 [6 <../figures/04_clutering/figure2.pdf>]
Underfull \vbox (badness 10000) has occurred while \output is active []


<../figures/04_clutering/singletongame_matching.pdf, id=371, 361.35pt x 311.162
5pt>
File: ../figures/04_clutering/singletongame_matching.pdf Graphic file (type pdf
)
 <use ../figures/04_clutering/singletongame_matching.pdf>
Package pdftex.def Info: ../figures/04_clutering/singletongame_matching.pdf use
d on input line 631.
(pdftex.def)             Requested size: 77.69897pt x 66.90813pt.
 [7 <../figures/04_clutering/singletongame_matching.pdf>]
<../figures/04_clutering/figure4AinC.pdf, id=410, 177.66376pt x 109.40875pt>
File: ../figures/04_clutering/figure4AinC.pdf Graphic file (type pdf)

<use ../figures/04_clutering/figure4AinC.pdf>
Package pdftex.def Info: ../figures/04_clutering/figure4AinC.pdf used on input 
line 712.
(pdftex.def)             Requested size: 91.34949pt x 56.2568pt.

Underfull \hbox (badness 10000) in paragraph at lines 712--712
\OT1/ptm/m/n/6.5 quits $\OML/cmm/m/it/6 C\OT1/cmr/m/n/6 (\OML/cmm/m/it/6 H\OT1/
cmr/m/n/6 )$\OT1/ptm/m/n/6.5 , $\OT1/cmr/m/n/6 ^^A\OMS/cmsy/m/n/6 j\OML/cmm/m/i
t/6 K\OT1/cmr/m/n/6 (\OML/cmm/m/it/6 C\OT1/cmr/m/n/6 (\OML/cmm/m/it/6 C\OT1/cmr
/m/n/6 ))\OMS/cmsy/m/n/6 j \OT1/cmr/m/n/6 +
 []

<../figures/04_clutering/figure4AinH.pdf, id=411, 177.66376pt x 107.40125pt>
File: ../figures/04_clutering/figure4AinH.pdf Graphic file (type pdf)

<use ../figures/04_clutering/figure4AinH.pdf>
Package pdftex.def Info: ../figures/04_clutering/figure4AinH.pdf used on input 
line 717.
(pdftex.def)             Requested size: 91.34949pt x 55.22456pt.

Underfull \hbox (badness 10000) in paragraph at lines 717--717
\OT1/ptm/m/n/6.5 quits $\OML/cmm/m/it/6 C\OT1/cmr/m/n/6 (\OML/cmm/m/it/6 C\OT1/
cmr/m/n/6 )$\OT1/ptm/m/n/6.5 , $\OT1/cmr/m/n/6 ^^A\OMS/cmsy/m/n/6 j\OML/cmm/m/i
t/6 K\OT1/cmr/m/n/6 (\OML/cmm/m/it/6 C\OT1/cmr/m/n/6 (\OML/cmm/m/it/6 C\OT1/cmr
/m/n/6 ))\OMS/cmsy/m/n/6 j \OT1/cmr/m/n/6 +
 []


<../figures/04_clutering/final_clustering_ross.pdf, id=412, 284.06125pt x 181.6
7876pt>
File: ../figures/04_clutering/final_clustering_ross.pdf Graphic file (type pdf)

 <use ../figures/04_clutering/final_clustering_ross.pdf>
Package pdftex.def Info: ../figures/04_clutering/final_clustering_ross.pdf used
 on input line 725.
(pdftex.def)             Requested size: 105.0pt x 67.15631pt.


LaTeX Warning: `h' float specifier changed to `ht'.


<../figures/04_clutering/final_clustering_soc.pdf, id=415, 284.06125pt x 171.64
125pt>
File: ../figures/04_clutering/final_clustering_soc.pdf Graphic file (type pdf)
 <use ../figures/04_clutering/final_clustering_soc.pdf>
Package pdftex.def Info: ../figures/04_clutering/final_clustering_soc.pdf used 
on input line 763.
(pdftex.def)             Requested size: 91.34949pt x 55.19608pt.

<../figures/04_clutering/final_clustering_LP.pdf, id=416, 283.0575pt x 169.6337
4pt>
File: ../figures/04_clutering/final_clustering_LP.pdf Graphic file (type pdf)
 <use ../figures/04_clutering/final_clustering_LP.pdf>
Package pdftex.def Info: ../figures/04_clutering/final_clustering_LP.pdf used o
n input line 765.
(pdftex.def)             Requested size: 91.34949pt x 54.74463pt.
 [8 <../figures/04_clutering/figure4AinC.pdf> <../figures/04_clutering/figure4A
inH.pdf> <../figures/04_clutering/final_clustering_ross.pdf> <../figures/04_clu
tering/final_clustering_soc.pdf

pdfTeX warning: /usr/local/texlive/2017/bin/x86_64-darwin/pdflatex (file ../fig
ures/04_clutering/final_clustering_soc.pdf): PDF inclusion: multiple pdfs with 
page group included in a single page
> <../figures/04_clutering/final_clustering_LP.pdf

pdfTeX warning: /usr/local/texlive/2017/bin/x86_64-darwin/pdflatex (file ../fig
ures/04_clutering/final_clustering_LP.pdf): PDF inclusion: multiple pdfs with p
age group included in a single page
>] <../figures/04_clutering/ccc_20.pdf, id=498, 399.4925pt x 319.1925pt>
File: ../figures/04_clutering/ccc_20.pdf Graphic file (type pdf)

<use ../figures/04_clutering/ccc_20.pdf>
Package pdftex.def Info: ../figures/04_clutering/ccc_20.pdf used on input line 
856.
(pdftex.def)             Requested size: 134.0pt x 107.06287pt.

<../figures/04_clutering/cdf_clusterSize_20.pdf, id=499, 400.49625pt x 311.1625
pt>
File: ../figures/04_clutering/cdf_clusterSize_20.pdf Graphic file (type pdf)
 <use ../figures/04_clutering/cdf_clusterSize_20.pdf>
Package pdftex.def Info: ../figures/04_clutering/cdf_clusterSize_20.pdf used on
 input line 857.
(pdftex.def)             Requested size: 134.0pt x 104.11307pt.

<../figures/04_clutering/survival_rate_20.pdf, id=500, 390.45876pt x 310.15875p
t>
File: ../figures/04_clutering/survival_rate_20.pdf Graphic file (type pdf)
 <use ../figures/04_clutering/survival_rate_20.pdf>
Package pdftex.def Info: ../figures/04_clutering/survival_rate_20.pdf used on i
nput line 858.
(pdftex.def)             Requested size: 134.0pt x 106.4417pt.
 [9]
<../figures/04_clutering/percentage_overlapping_node.pdf, id=519, 395.4775pt x 
311.1625pt>
File: ../figures/04_clutering/percentage_overlapping_node.pdf Graphic file (typ
e pdf)
 <use ../figures/04_clutering/percentage_overlapping_node.pdf>
Package pdftex.def Info: ../figures/04_clutering/percentage_overlapping_node.pd
f used on input line 940.
(pdftex.def)             Requested size: 126.00128pt x 99.13722pt.

Overfull \vbox (4.01509pt too high) detected at line 970
 []


Overfull \hbox (39.83368pt too wide) in paragraph at lines 970--970
 []|[]| 
 []


Overfull \hbox (3.22806pt too wide) in paragraph at lines 965--983
[]  [][]
 []


Underfull \hbox (badness 10000) in paragraph at lines 965--983

 []


<../figures/04_clutering/number_controlMsg.pdf, id=523, 403.5075pt x 307.1475pt
>
File: ../figures/04_clutering/number_controlMsg.pdf Graphic file (type pdf)
 <use ../figures/04_clutering/number_controlMsg.pdf>
Package pdftex.def Info: ../figures/04_clutering/number_controlMsg.pdf used on 
input line 988.
(pdftex.def)             Requested size: 126.00128pt x 95.90836pt.
 [10 <../figures/04_clutering/ccc_20.pdf> <../figures/04_clutering/cdf_clusterS
ize_20.pdf> <../figures/04_clutering/survival_rate_20.pdf> <../figures/04_clute
ring/percentage_overlapping_node.pdf>]
<../figures/04_clutering/ccc_large_scale_color_082017_newdata_no_texture.pdf, i
d=560, 366.36874pt x 291.0875pt>
File: ../figures/04_clutering/ccc_large_scale_color_082017_newdata_no_texture.p
df Graphic file (type pdf)

<use ../figures/04_clutering/ccc_large_scale_color_082017_newdata_no_texture.pd
f>
Package pdftex.def Info: ../figures/04_clutering/ccc_large_scale_color_082017_n
ewdata_no_texture.pdf used on input line 1028.
(pdftex.def)             Requested size: 146.99936pt x 116.7927pt.

<../figures/04_clutering/survival_rate_100_edge50.pdf, id=567, 397.485pt x 311.
1625pt>
File: ../figures/04_clutering/survival_rate_100_edge50.pdf Graphic file (type p
df)
 <use ../figures/04_clutering/survival_rate_100_edge50.pdf>
Package pdftex.def Info: ../figures/04_clutering/survival_rate_100_edge50.pdf u
sed on input line 1059.
(pdftex.def)             Requested size: 134.0pt x 104.90123pt.

<../figures/04_clutering/survival_rate_200_edge50.pdf, id=568, 400.49625pt x 31
0.15875pt>
File: ../figures/04_clutering/survival_rate_200_edge50.pdf Graphic file (type p
df)
 <use ../figures/04_clutering/survival_rate_200_edge50.pdf>
Package pdftex.def Info: ../figures/04_clutering/survival_rate_200_edge50.pdf u
sed on input line 1060.
(pdftex.def)             Requested size: 134.0pt x 103.77722pt.

<../figures/04_clutering/survival_rate_300_edge50.pdf, id=569, 407.5225pt x 311
.1625pt>
File: ../figures/04_clutering/survival_rate_300_edge50.pdf Graphic file (type p
df)
 <use ../figures/04_clutering/survival_rate_300_edge50.pdf>
Package pdftex.def Info: ../figures/04_clutering/survival_rate_300_edge50.pdf u
sed on input line 1061.
(pdftex.def)             Requested size: 134.0pt x 102.3136pt.

<../figures/04_clutering/cdf_clusterSize_100.pdf, id=570, 397.485pt x 311.1625p
t>
File: ../figures/04_clutering/cdf_clusterSize_100.pdf Graphic file (type pdf)
 <use ../figures/04_clutering/cdf_clusterSize_100.pdf>
Package pdftex.def Info: ../figures/04_clutering/cdf_clusterSize_100.pdf used o
n input line 1071.
(pdftex.def)             Requested size: 134.0pt x 104.90123pt.

<../figures/04_clutering/cdf_clusterSize_200.pdf, id=571, 397.485pt x 311.1625p
t>
File: ../figures/04_clutering/cdf_clusterSize_200.pdf Graphic file (type pdf)
 <use ../figures/04_clutering/cdf_clusterSize_200.pdf>
Package pdftex.def Info: ../figures/04_clutering/cdf_clusterSize_200.pdf used o
n input line 1072.
(pdftex.def)             Requested size: 134.0pt x 104.90123pt.

<../figures/04_clutering/cdf_clusterSize_300.pdf, id=572, 396.48125pt x 311.162
5pt>
File: ../figures/04_clutering/cdf_clusterSize_300.pdf Graphic file (type pdf)
 <use ../figures/04_clutering/cdf_clusterSize_300.pdf>
Package pdftex.def Info: ../figures/04_clutering/cdf_clusterSize_300.pdf used o
n input line 1073.
(pdftex.def)             Requested size: 134.0pt x 105.16711pt.

<../figures/04_clutering/nClusters_largeNetwork_no_texture.pdf, id=578, 363.357
5pt x 291.0875pt>
File: ../figures/04_clutering/nClusters_largeNetwork_no_texture.pdf Graphic fil
e (type pdf)

<use ../figures/04_clutering/nClusters_largeNetwork_no_texture.pdf>
Package pdftex.def Info: ../figures/04_clutering/nClusters_largeNetwork_no_text
ure.pdf used on input line 1086.
(pdftex.def)             Requested size: 146.99936pt x 117.76541pt.


LaTeX Warning: `!h' float specifier changed to `!ht'.


Underfull \vbox (badness 10000) has occurred while \output is active []

 [11 <../figures/04_clutering/number_controlMsg.pdf> <../figures/04_clutering/c
cc_large_scale_color_082017_newdata_no_texture.pdf>]
<../figures/04_clutering/false_negative.pdf, id=620, 343.2825pt x 238.8925pt>
File: ../figures/04_clutering/false_negative.pdf Graphic file (type pdf)

<use ../figures/04_clutering/false_negative.pdf>
Package pdftex.def Info: ../figures/04_clutering/false_negative.pdf used on inp
ut line 1109.
(pdftex.def)             Requested size: 146.99936pt x 102.29527pt.

<../figures/04_clutering/draw_cdf_clusterSize_with_false_negative.pdf, id=621, 
385.44pt x 312.16624pt>
File: ../figures/04_clutering/draw_cdf_clusterSize_with_false_negative.pdf Grap
hic file (type pdf)

<use ../figures/04_clutering/draw_cdf_clusterSize_with_false_negative.pdf>
Package pdftex.def Info: ../figures/04_clutering/draw_cdf_clusterSize_with_fals
e_negative.pdf used on input line 1120.
(pdftex.def)             Requested size: 146.99936pt x 119.0531pt.


LaTeX Warning: `!h' float specifier changed to `!ht'.


LaTeX Warning: `!h' float specifier changed to `!ht'.

[12 <../figures/04_clutering/survival_rate_100_edge50.pdf> <../figures/04_clute
ring/survival_rate_200_edge50.pdf> <../figures/04_clutering/survival_rate_300_e
dge50.pdf> <../figures/04_clutering/cdf_clusterSize_100.pdf> <../figures/04_clu
tering/cdf_clusterSize_200.pdf> <../figures/04_clutering/cdf_clusterSize_300.pd
f> <../figures/04_clutering/nClusters_largeNetwork_no_texture.pdf> <../figures/
04_clutering/false_negative.pdf>]
LaTeX Font Info:    Font shape `OT1/ptm/bx/n' in size <22> not available
(Font)              Font shape `OT1/ptm/b/n' tried instead on input line 1169.
LaTeX Font Info:    Font shape `OT1/ptm/bx/n' in size <6.5> not available
(Font)              Font shape `OT1/ptm/b/n' tried instead on input line 1182.
LaTeX Font Info:    Try loading font information for OT1+pcr on input line 1201
.

(/usr/local/texlive/2017/texmf-dist/tex/latex/psnfss/ot1pcr.fd
File: ot1pcr.fd 2001/06/04 font definitions for OT1/pcr.
)
LaTeX Font Info:    Font shape `OT1/pcr/m/it' in size <9> not available
(Font)              Font shape `OT1/pcr/m/sl' tried instead on input line 1201.

 [13 <../figures/04_clutering/draw_cdf_clusterSize_with_false_negative.pdf>]
<../figures/04_clutering/lemma1.pdf, id=756, 563.87807pt x 108.10442pt>
File: ../figures/04_clutering/lemma1.pdf Graphic file (type pdf)

<use ../figures/04_clutering/lemma1.pdf>
Package pdftex.def Info: ../figures/04_clutering/lemma1.pdf used on input line 
1292.
(pdftex.def)             Requested size: 126.00128pt x 24.15584pt.
 [14 <../figures/04_clutering/lemma1.pdf>] (./ettdoc_JG.bbl
** WARNING: IEEEtran.bst: No hyphenation pattern has been
** loaded for the language `English'. Using the pattern for
** the default language instead.
** WARNING: IEEEtran.bst: No hyphenation pattern has been
** loaded for the language `English'. Using the pattern for
** the default language instead.
[15]
Underfull \vbox (badness 10000) has occurred while \output is active []

Missing character: There is no  in font ptmr7t!
Missing character: There is no  in font ptmr7t!
Missing character: There is no  in font ptmr7t!
Missing character: There is no  in font ptmr7t!
)
Package atveryend Info: Empty hook `BeforeClearDocument' on input line 1422.
 [16]
Package atveryend Info: Empty hook `AfterLastShipout' on input line 1422.

(./ettdoc_JG.aux)
Package atveryend Info: Executing hook `AtVeryEndDocument' on input line 1422.
Package atveryend Info: Executing hook `AtEndAfterFileList' on input line 1422.

Package rerunfilecheck Info: File `ettdoc_JG.out' has not changed.
(rerunfilecheck)             Checksum: B0B857DFBBCF22E7734D5DD1924F699A;1205.
LaTeX Font Warning: Size substitutions with differences
(Font)              up to 1.75pt have occurred.
Package atveryend Info: Empty hook `AtVeryVeryEnd' on input line 1422.
 )
(\end occurred inside a group at level 1)

### simple group (level 1) entered at line 1061 ({)
### bottom level 
Here is how much of TeX's memory you used:
 20800 strings out of 492995
 360276 string characters out of 6132704
 864269 words of memory out of 5000000
 23772 multiletter control sequences out of 15000+600000
 65935 words of font info for 141 fonts, out of 8000000 for 9000
 1143 hyphenation exceptions out of 8191
 43i,19n,77p,10426b,8883s stack positions out of 5000i,500n,10000p,200000b,80000s
pdfTeX warning (dest): name{section*.26} has been referenced bu
t does not exist, replaced by a fixed one

{/usr/local/texlive/2017/texmf-dist/fonts/enc/dvips/base/8r.enc}</usr/local/tex
live/2017/texmf-dist/fonts/type1/public/amsfonts/cmextra/cmex9.pfb></usr/local/
texlive/2017/texmf-dist/fonts/type1/public/amsfonts/cm/cmmi5.pfb></usr/local/te
xlive/2017/texmf-dist/fonts/type1/public/amsfonts/cm/cmmi6.pfb></usr/local/texl
ive/2017/texmf-dist/fonts/type1/public/amsfonts/cm/cmmi7.pfb></usr/local/texliv
e/2017/texmf-dist/fonts/type1/public/amsfonts/cm/cmmi9.pfb></usr/local/texlive/
2017/texmf-dist/fonts/type1/public/amsfonts/cm/cmr5.pfb></usr/local/texlive/201
7/texmf-dist/fonts/type1/public/amsfonts/cm/cmr6.pfb></usr/local/texlive/2017/t
exmf-dist/fonts/type1/public/amsfonts/cm/cmr7.pfb></usr/local/texlive/2017/texm
f-dist/fonts/type1/public/amsfonts/cm/cmr9.pfb></usr/local/texlive/2017/texmf-d
ist/fonts/type1/public/amsfonts/cm/cmsy5.pfb></usr/local/texlive/2017/texmf-dis
t/fonts/type1/public/amsfonts/cm/cmsy6.pfb></usr/local/texlive/2017/texmf-dist/
fonts/type1/public/amsfonts/cm/cmsy7.pfb></usr/local/texlive/2017/texmf-dist/fo
nts/type1/public/amsfonts/cm/cmsy9.pfb></usr/local/texlive/2017/texmf-dist/font
s/type1/public/amsfonts/symbols/msam10.pfb></usr/local/texlive/2017/texmf-dist/
fonts/type1/public/amsfonts/symbols/msbm10.pfb></usr/local/texlive/2017/texmf-d
ist/fonts/type1/urw/courier/ucrr8a.pfb></usr/local/texlive/2017/texmf-dist/font
s/type1/urw/courier/ucrro8a.pfb></usr/local/texlive/2017/texmf-dist/fonts/type1
/urw/helvetic/uhvb8a.pfb></usr/local/texlive/2017/texmf-dist/fonts/type1/urw/he
lvetic/uhvr8a.pfb></usr/local/texlive/2017/texmf-dist/fonts/type1/urw/helvetic/
uhvro8a.pfb></usr/local/texlive/2017/texmf-dist/fonts/type1/urw/times/utmb8a.pf
b></usr/local/texlive/2017/texmf-dist/fonts/type1/urw/times/utmr8a.pfb></usr/lo
cal/texlive/2017/texmf-dist/fonts/type1/urw/times/utmri8a.pfb>
Output written on ettdoc_JG.pdf (16 pages, 889827 bytes).
PDF statistics:
 951 PDF objects out of 1000 (max. 8388607)
 780 compressed objects within 8 object streams
 196 named destinations out of 1000 (max. 500000)
 262 words of extra memory for PDF output out of 10000 (max. 10000000)

